2024-04-26 04:47:25,737 - DEBUG - Starting new HTTPS connection (1): www.google.com:443
2024-04-26 04:47:26,035 - DEBUG - https://www.google.com:443 "GET /search?q= HTTP/1.1" 302 225
2024-04-26 04:47:26,158 - DEBUG - https://www.google.com:443 "GET /webhp HTTP/1.1" 200 84029
2024-04-26 04:48:34,977 - DEBUG - Starting new HTTPS connection (1): www.google.com:443
2024-04-26 04:48:35,277 - DEBUG - https://www.google.com:443 "GET /search?q= HTTP/1.1" 302 225
2024-04-26 04:48:35,402 - DEBUG - https://www.google.com:443 "GET /webhp HTTP/1.1" 200 84197
2024-04-26 04:50:21,055 - DEBUG - Starting new HTTPS connection (1): www.google.com:443
2024-04-26 04:50:21,376 - DEBUG - https://www.google.com:443 "GET /search?q=%5B%5D HTTP/1.1" 200 None
2024-04-26 04:59:47,941 - DEBUG - Starting new HTTPS connection (1): www.google.com:443
2024-04-26 04:59:48,250 - DEBUG - https://www.google.com:443 "GET /search?q= HTTP/1.1" 302 225
2024-04-26 04:59:48,380 - DEBUG - https://www.google.com:443 "GET /webhp HTTP/1.1" 200 84169
2024-04-26 05:06:30,365 - DEBUG - Starting new HTTPS connection (1): www.google.com:443
2024-04-26 05:06:30,657 - DEBUG - https://www.google.com:443 "GET /search?q= HTTP/1.1" 302 225
2024-04-26 05:06:30,788 - DEBUG - https://www.google.com:443 "GET /webhp HTTP/1.1" 200 84121
2024-04-26 05:07:58,673 - DEBUG - Starting new HTTPS connection (1): www.google.com:443
2024-04-26 05:07:58,980 - DEBUG - https://www.google.com:443 "GET /search?q= HTTP/1.1" 302 225
2024-04-26 05:07:59,095 - DEBUG - https://www.google.com:443 "GET /webhp HTTP/1.1" 200 None
2024-04-26 05:08:53,664 - DEBUG - Starting new HTTPS connection (1): www.google.com:443
2024-04-26 05:08:53,916 - DEBUG - https://www.google.com:443 "GET /search?q= HTTP/1.1" 302 225
2024-04-26 05:08:54,327 - DEBUG - https://www.google.com:443 "GET /webhp HTTP/1.1" 200 None
2024-04-26 05:11:45,416 - DEBUG - Starting new HTTPS connection (1): www.google.com:443
2024-04-26 05:11:45,724 - DEBUG - https://www.google.com:443 "GET /search?q= HTTP/1.1" 302 225
2024-04-26 05:11:45,842 - DEBUG - https://www.google.com:443 "GET /webhp HTTP/1.1" 200 None
2024-04-26 05:12:34,108 - DEBUG - Starting new HTTPS connection (1): www.google.com:443
2024-04-26 05:12:34,397 - DEBUG - https://www.google.com:443 "GET /search?q= HTTP/1.1" 302 225
2024-04-26 05:12:34,511 - DEBUG - https://www.google.com:443 "GET /webhp HTTP/1.1" 200 None
2024-04-26 05:12:52,097 - DEBUG - Starting new HTTPS connection (1): www.google.com:443
2024-04-26 05:12:52,396 - DEBUG - https://www.google.com:443 "GET /search?q= HTTP/1.1" 302 225
2024-04-26 05:12:52,510 - DEBUG - https://www.google.com:443 "GET /webhp HTTP/1.1" 200 None
2024-04-26 05:17:37,727 - DEBUG - Starting new HTTPS connection (1): www.google.com:443
2024-04-26 05:17:37,997 - DEBUG - https://www.google.com:443 "GET /search?q= HTTP/1.1" 302 225
2024-04-26 05:17:38,109 - DEBUG - https://www.google.com:443 "GET /webhp HTTP/1.1" 200 None
2024-04-26 05:18:46,016 - DEBUG - Starting new HTTPS connection (1): www.google.com:443
2024-04-26 05:18:46,318 - DEBUG - https://www.google.com:443 "GET /search?q= HTTP/1.1" 302 225
2024-04-26 05:18:46,435 - DEBUG - https://www.google.com:443 "GET /webhp HTTP/1.1" 200 None
2024-04-26 05:19:06,559 - DEBUG - Starting new HTTPS connection (1): www.google.com:443
2024-04-26 05:19:06,858 - DEBUG - https://www.google.com:443 "GET /search?q= HTTP/1.1" 302 225
2024-04-26 05:19:06,971 - DEBUG - https://www.google.com:443 "GET /webhp HTTP/1.1" 200 None
2024-04-26 05:19:06,995 - DEBUG - Starting new HTTPS connection (1): www.google.com:443
2024-04-26 05:19:07,304 - DEBUG - https://www.google.com:443 "GET /search?q= HTTP/1.1" 302 225
2024-04-26 05:19:07,423 - DEBUG - https://www.google.com:443 "GET /webhp HTTP/1.1" 200 None
2024-04-26 05:19:07,449 - DEBUG - Starting new HTTPS connection (1): www.google.com:443
2024-04-26 05:19:07,725 - DEBUG - https://www.google.com:443 "GET /search?q= HTTP/1.1" 302 225
2024-04-26 05:19:07,851 - DEBUG - https://www.google.com:443 "GET /webhp HTTP/1.1" 200 None
2024-04-26 05:19:07,879 - DEBUG - Starting new HTTPS connection (1): www.google.com:443
2024-04-26 05:19:08,180 - DEBUG - https://www.google.com:443 "GET /search?q= HTTP/1.1" 302 225
2024-04-26 05:19:08,295 - DEBUG - https://www.google.com:443 "GET /webhp HTTP/1.1" 200 None
2024-04-26 05:19:08,319 - DEBUG - Starting new HTTPS connection (1): www.google.com:443
2024-04-26 06:09:51,510 - DEBUG - Starting new HTTPS connection (1): www.google.com:443
2024-04-26 06:09:51,851 - DEBUG - https://www.google.com:443 "GET /search?q=inurl:google HTTP/1.1" 200 None
2024-04-26 06:10:59,273 - DEBUG - Starting new HTTPS connection (1): www.google.com:443
2024-04-26 06:10:59,551 - DEBUG - https://www.google.com:443 "GET /search?q=inurl:google HTTP/1.1" 200 None
2024-04-26 06:11:10,090 - DEBUG - Starting new HTTPS connection (1): www.google.com:443
2024-04-26 06:11:10,367 - DEBUG - https://www.google.com:443 "GET /search?q=%22inurl:google.com%22 HTTP/1.1" 200 None
2024-04-26 06:12:30,438 - DEBUG - Starting new HTTPS connection (1): www.google.com:443
2024-04-26 06:12:30,753 - DEBUG - https://www.google.com:443 "GET /search?q=%22inurl:search%22 HTTP/1.1" 200 None
2024-04-26 06:12:49,528 - DEBUG - Starting new HTTPS connection (1): www.google.com:443
2024-04-26 06:12:49,867 - DEBUG - https://www.google.com:443 "GET /search?q=%22inurl:search%22 HTTP/1.1" 200 None
2024-04-26 06:13:05,582 - DEBUG - Starting new HTTPS connection (1): www.google.com:443
2024-04-26 06:13:05,863 - DEBUG - https://www.google.com:443 "GET /search?q=inurl:search HTTP/1.1" 200 None
2024-04-26 06:13:25,656 - DEBUG - Starting new HTTPS connection (1): www.google.com:443
2024-04-26 06:13:25,928 - DEBUG - https://www.google.com:443 "GET /search?q=inurl:search HTTP/1.1" 200 None
2024-04-26 06:13:39,591 - DEBUG - Starting new HTTPS connection (1): www.google.com:443
2024-04-26 06:13:39,911 - DEBUG - https://www.google.com:443 "GET /search?q=inurl:search HTTP/1.1" 200 None
2024-04-26 06:39:44,945 - DEBUG - Found result: https://www.google.com/imghp?hl=ar&tab=wi
2024-04-26 06:43:53,065 - DEBUG - Found result: https://mail.google.com/mail/?tab=wm&ogbl
2024-04-26 06:43:53,066 - DEBUG - Found result: https://www.google.com/imghp?hl=ar&tab=wi&ogbl
2024-04-26 06:43:53,066 - DEBUG - Found result: https://www.google.jo/intl/ar/about/products?tab=wh
2024-04-26 06:43:53,066 - DEBUG - Found result: https://accounts.google.com/ServiceLogin?hl=ar&passive=true&continue=https://www.google.com/webhp&ec=GAZAAQ
2024-04-26 06:43:53,066 - DEBUG - Found result: /advanced_search?hl=ar-JO&authuser=0
2024-04-26 06:43:53,066 - DEBUG - Found result: https://www.google.com/setprefs?sig=0_8Pe0u5S7f1srciqdwfav6na6Sqs%3D&hl=en&source=homepage&sa=X&ved=0ahUKEwjT64Wz-96FAxWHywIHHaa_Bd8Q2ZgBCAQ
2024-04-26 06:43:53,066 - DEBUG - Found result: /intl/ar/ads/
2024-04-26 06:43:53,066 - DEBUG - Found result: http://www.google.com/intl/ar/services/
2024-04-26 06:43:53,066 - DEBUG - Found result: /intl/ar/about.html
2024-04-26 06:43:53,067 - DEBUG - Found result: https://www.google.com/setprefdomain?prefdom=JO&prev=https://www.google.jo/&sig=K_2ET2u_pQoYE4dInCEOf3tRWnikc%3D
2024-04-26 06:43:53,067 - DEBUG - Found result: /intl/ar/policies/privacy/
2024-04-26 06:43:53,067 - DEBUG - Found result: /intl/ar/policies/terms/
2024-04-26 06:44:14,678 - DEBUG - Found result: /?sa=X&ved=0ahUKEwi9h6a9-96FAxVAzAIHHVz2CRAQOwgC
2024-04-26 06:44:14,679 - DEBUG - Found result: /search?q=inurl:google&sca_esv=a574cd4d615792eb&gbv=1&sei=DiMrZr3IFMCYi-gP3OyngAE
2024-04-26 06:44:14,679 - DEBUG - Found result: /search?q=inurl:google&sca_esv=a574cd4d615792eb&tbm=isch&source=lnms&sa=X&ved=0ahUKEwi9h6a9-96FAxVAzAIHHVz2CRAQ_AUIBigB
2024-04-26 06:44:14,679 - DEBUG - Found result: /search?q=inurl:google&sca_esv=a574cd4d615792eb&tbm=bks&source=lnms&sa=X&ved=0ahUKEwi9h6a9-96FAxVAzAIHHVz2CRAQ_AUIBygC
2024-04-26 06:44:14,679 - DEBUG - Found result: /url?url=https://maps.google.com/maps%3Fq%3Dinurl:google%26um%3D1%26ie%3DUTF-8%26ved%3D1t:200713%26ictx%3D111&rct=j&q=&esrc=s&opi=89978449&sa=U&ved=0ahUKEwi9h6a9-96FAxVAzAIHHVz2CRAQiaAMCAgoAw&usg=AOvVaw0GOnXeEZLu6LwxckRO2ztK
2024-04-26 06:44:14,679 - DEBUG - Found result: /search?q=inurl:google&sca_esv=a574cd4d615792eb&tbm=vid&source=lnms&sa=X&ved=0ahUKEwi9h6a9-96FAxVAzAIHHVz2CRAQ_AUICSgE
2024-04-26 06:44:14,679 - DEBUG - Found result: /search?q=inurl:google&sca_esv=a574cd4d615792eb&tbm=nws&source=lnms&sa=X&ved=0ahUKEwi9h6a9-96FAxVAzAIHHVz2CRAQ_AUICigF
2024-04-26 06:44:14,679 - DEBUG - Found result: /advanced_search
2024-04-26 06:44:14,679 - DEBUG - Found result: /search?q=inurl:google&sca_esv=a574cd4d615792eb&source=lnt&tbs=lr:lang_1ar&lr=lang_ar&sa=X&ved=0ahUKEwi9h6a9-96FAxVAzAIHHVz2CRAQpwUIDA
2024-04-26 06:44:14,679 - DEBUG - Found result: /search?q=inurl:google&sca_esv=a574cd4d615792eb&source=lnt&tbs=qdr:h&sa=X&ved=0ahUKEwi9h6a9-96FAxVAzAIHHVz2CRAQpwUIDg
2024-04-26 06:44:14,679 - DEBUG - Found result: /search?q=inurl:google&sca_esv=a574cd4d615792eb&source=lnt&tbs=qdr:d&sa=X&ved=0ahUKEwi9h6a9-96FAxVAzAIHHVz2CRAQpwUIDw
2024-04-26 06:44:14,679 - DEBUG - Found result: /search?q=inurl:google&sca_esv=a574cd4d615792eb&source=lnt&tbs=qdr:w&sa=X&ved=0ahUKEwi9h6a9-96FAxVAzAIHHVz2CRAQpwUIEA
2024-04-26 06:44:14,679 - DEBUG - Found result: /search?q=inurl:google&sca_esv=a574cd4d615792eb&source=lnt&tbs=qdr:m&sa=X&ved=0ahUKEwi9h6a9-96FAxVAzAIHHVz2CRAQpwUIEQ
2024-04-26 06:44:14,680 - DEBUG - Found result: /search?q=inurl:google&sca_esv=a574cd4d615792eb&source=lnt&tbs=qdr:y&sa=X&ved=0ahUKEwi9h6a9-96FAxVAzAIHHVz2CRAQpwUIEg
2024-04-26 06:44:14,680 - DEBUG - Found result: /search?q=inurl:google&sca_esv=a574cd4d615792eb&source=lnt&tbs=li:1&sa=X&ved=0ahUKEwi9h6a9-96FAxVAzAIHHVz2CRAQpwUIFA
2024-04-26 06:44:14,680 - DEBUG - Found result: /url?esrc=s&q=&rct=j&sa=U&url=https://www.google.com/&ved=2ahUKEwi9h6a9-96FAxVAzAIHHVz2CRAQFnoECAMQAg&usg=AOvVaw0xivVFnqgOx3gJh2i1EQSL
2024-04-26 06:44:14,680 - DEBUG - Found result: /url?esrc=s&q=&rct=j&sa=U&url=https://www.google.com/account/about/&ved=2ahUKEwi9h6a9-96FAxVAzAIHHVz2CRAQjBB6BAgDEAU&usg=AOvVaw15hJ9ZuMWtuWP1QE0c6Sdq
2024-04-26 06:44:14,680 - DEBUG - Found result: /url?esrc=s&q=&rct=j&sa=U&url=https://images.google.com/&ved=2ahUKEwi9h6a9-96FAxVAzAIHHVz2CRAQjBB6BAgDEAc&usg=AOvVaw2iHmYYIz6Fyc3nYPZUUY0D
2024-04-26 06:44:14,680 - DEBUG - Found result: /url?esrc=s&q=&rct=j&sa=U&url=https://scholar.google.com/&ved=2ahUKEwi9h6a9-96FAxVAzAIHHVz2CRAQjBB6BAgDEAk&usg=AOvVaw3HWEHDaNxzRu1ZCtIxmzOs
2024-04-26 06:44:14,680 - DEBUG - Found result: /url?esrc=s&q=&rct=j&sa=U&url=https://accounts.google.com/&ved=2ahUKEwi9h6a9-96FAxVAzAIHHVz2CRAQjBB6BAgDEAs&usg=AOvVaw2ZDkVABTGcRW_CCXfphmiv
2024-04-26 06:44:14,680 - DEBUG - Found result: /url?esrc=s&q=&rct=j&sa=U&url=https://passwords.google.com/&ved=2ahUKEwi9h6a9-96FAxVAzAIHHVz2CRAQjBB6BAgDEA0&usg=AOvVaw3P23MbrFlj5BDv2JL5XTBd
2024-04-26 06:44:14,680 - DEBUG - Found result: /url?esrc=s&q=&rct=j&sa=U&url=https://encrypted-tbn0.gstatic.com/images%3Fq%3Dtbn:ANd9GcQjzC2JyZDZ_RaWf0qp11K0lcvB6b6kYNMoqtZAQ9hiPZ4cTIOB&ved=2ahUKEwi9h6a9-96FAxVAzAIHHVz2CRAQndQBegQICBAC&usg=AOvVaw2W9Odyu6OVS6cDBDI1Rf7i
2024-04-26 06:44:14,680 - DEBUG - Found result: /url?esrc=s&q=&rct=j&sa=U&url=https://ar.wikipedia.org/wiki/%25D8%25AC%25D9%2588%25D8%25AC%25D9%2584&ved=2ahUKEwi9h6a9-96FAxVAzAIHHVz2CRAQmhN6BAgIEAc&usg=AOvVaw2G5qJBH09MkOw1bWRbpgkN
2024-04-26 06:44:14,680 - DEBUG - Found result: /search?sca_esv=a574cd4d615792eb&q=%D9%85%D9%8A%D9%86%D9%84%D9%88+%D8%A8%D8%A7%D8%B1%D9%83&si=AKbGX_paaCugDdYkuX2heTJMr0_FGRox2AzKVmiTg2eQr2d-rnUcuz9-TftgQshsPoxvK-Fk8vGK8bLCOUSU8ibAzdNmEAbDna_7oKqLPmdSMU6YznCbBU-37XAmpEaGqeJR7r9xn7CBl3AiWVSY8j16ER8NCEHcERUhfCeubue_lkvB5FgprfOogcoRQajs0Xsj75nNk4QymMkGsNpp5KTP1K-GU-RSIA%3D%3D&sa=X&ved=2ahUKEwi9h6a9-96FAxVAzAIHHVz2CRAQmxN6BAgIEAk
2024-04-26 06:44:14,680 - DEBUG - Found result: /search?sca_esv=a574cd4d615792eb&q=%D9%84%D8%A7%D8%B1%D9%89+%D8%A8%D9%8A%D8%AC&si=AKbGX_paaCugDdYkuX2heTJMr0_FGRox2AzKVmiTg2eQr2d-rikB-GHQXukplaTBRCOUltMqIDT-QEi9Sm8tVDmGqmN9pYBHnY9tpVxAqQdC-Rg3taZkgqM50I20VDzxyVWOyZ2pMtg8dXpA4rAjv0zj_k7jKlum9fnyIIA-nqOHnPkt5KDmEDJjIfWUtqUOuGW7H9hVTSjIbRMCh-VTzEqZR22zPDY4ydSP3Jj873od1c60naVjZZt5_Pjr3sk2oY4xRY2kIal9TwdEgKud8Tgu_61w8hdXrg%3D%3D&sa=X&ved=2ahUKEwi9h6a9-96FAxVAzAIHHVz2CRAQmxN6BAgIEAs
2024-04-26 06:44:14,680 - DEBUG - Found result: /search?sca_esv=a574cd4d615792eb&q=%D8%B3%D9%8A%D8%B1%D8%AC%D9%89+%D8%A8%D8%B1%D9%8A%D9%86&si=AKbGX_paaCugDdYkuX2heTJMr0_FGRox2AzKVmiTg2eQr2d-rujElJjwCy8ecloJnQx5aBAjap3pvoXCccTaTPmL4au8Vkt-vpuAgieV3oWPymexeOvG8c0DVl_HgO-zt09lWPs1OfgqkWFKq_wBC90EqTnlTdj5X9akOB-gjPy__D0sQ_VsFdLBiIjphUxYccyUox80gs39o40iS42vztYIgPOs0ET2vZoudGSFwYM6VGrXBxlf3uX09JUuE7eV7xcE876v656AJgiwrV6j_7gqG8K536Xjhg%3D%3D&sa=X&ved=2ahUKEwi9h6a9-96FAxVAzAIHHVz2CRAQmxN6BAgIEAw
2024-04-26 06:44:14,680 - DEBUG - Found result: /search?sca_esv=a574cd4d615792eb&q=%D8%B3%D8%A7%D9%86%D8%AF%D8%B1+%D8%A8%D9%8A%D8%AA%D8%B4%D8%A7%D9%8A&si=AKbGX_qWtsfHufXsq_1jeDkJp50FstNngDxsch3EVTUjn7imcJD6Keslnvt8HDl6nxunHQWYOiQymWwH_yOqqDLF2BaJlOBwycI0AaJTD32qmkcru0ikb_QuSRFmQjkKisXTeJwjia23aCyvEfkwN0t8SWzsxEFXWMQqYxlQ4vS6mBLIP9wwTTMgOBsCIggEC78l-i2tUWv0kPMi9OwGEkdI9_k-EfoFaw%3D%3D&sa=X&ved=2ahUKEwi9h6a9-96FAxVAzAIHHVz2CRAQmxN6BAgIEA4
2024-04-26 06:44:14,680 - DEBUG - Found result: /search?sca_esv=a574cd4d615792eb&q=%D8%A3%D9%84%D9%81%D8%A7%D8%A8%D8%AA&si=AKbGX_rO4P19IF_yO85wYpkEaz-W_oZWd5JUOOVnUVftf2aeoVaupgWHBCmystAM5njTSv7h4KrKCNVGKzbet42foaTYR1IzehoHs2x5vvF90q3nsieRNPW1_6ojxfOiVFn8J5mHua1lYXppCQgKTzU1JPbiMQ4sgsB82JkVZnQ84SrLbQR1eLrniNaZjL0BvibK040PjzCShA2Th43QFwd-ddiYvl9afw%3D%3D&sa=X&ved=2ahUKEwi9h6a9-96FAxVAzAIHHVz2CRAQmxN6BAgIEBA
2024-04-26 06:44:14,681 - DEBUG - Found result: /search?sca_esv=a574cd4d615792eb&q=YouTube&si=AKbGX_oBDfquzodaRrfbb9img4kPQ4fCBZjeqAiaW1svvC8uXouc2PczuLodQeGoE7KLqVc7q9fwUFxdvNOiNHBmHkcDS0MYay1aie6UrrUapgqr5ARz7584x3vqgskss8RojBEmxFMePP2lKXoT5XLwKHIwgpvITITOgybwA-zfWOG1N-QBKpxtlgSZ2QDNCpUn6J6EYyF9xqEv4O2SQCk9uPmq6MZgc2IbajECCKzxoRwm-gqdPJpIdvxCdzG4ZDFucKsAv0t4QK7LXf6_wdmNT5RTJFAbnA%3D%3D&sa=X&ved=2ahUKEwi9h6a9-96FAxVAzAIHHVz2CRAQmxN6BAgIEBI
2024-04-26 06:44:14,681 - DEBUG - Found result: /search?sca_esv=a574cd4d615792eb&q=%D9%81%D8%A7%D9%8A%D8%B1+%D8%A8%D9%8A%D8%B2&si=AKbGX_pnFHLW0z18RpwJWHoyBN34BQtsDFoHb2c60gwNjHleg6gPQzBzavRy2sYmCw0PHjaJuqteqKiLWu4OX7mmD8BV0bs4V3hoCpEgSvu0z7cTWGG50uF-YTlGw7cTemGhQJT__r0uDXES7Fjr9aAtXRzzDq8pf7fCEp4Ny_xYZPbFEDSxnpVE5sX2a8iZjUf0FFlHyGV-Q06IaMGUCr3DK-KMaydM1jmdXf8z94NsQbZstJEmHgTQICXxd7Sh1gtg9ggFYh1YQOCplcnfpYo6V4NJ5QHZaiUptMrYg8k7E4CluUHqIxw%3D&sa=X&ved=2ahUKEwi9h6a9-96FAxVAzAIHHVz2CRAQmxN6BAgIEBM
2024-04-26 06:44:14,681 - DEBUG - Found result: /search?sca_esv=a574cd4d615792eb&q=Google+AI&si=AKbGX_rO4P19IF_yO85wYpkEaz-W_oZWd5JUOOVnUVftf2aeofk7CBOr23lJlXWeZB3_Kl06c24h56-BOM8P-EOMT87lQvcnWBCjT3h_7DiLFNQaNu3eHqMPnFUwBAnzrDeIjG97BFka1cx9x6yEqoOdrhxh6hkPkkVn76yVxnJUadcfwPAqg8ewy-f1IY6yE4zR1TvZNsWLA6ruTenvkq4cW4kqQHNzlg6IVGkDK9guhNNVKuhOoO3GR2kyqA8pSA8hK8AKp149J7rDPGUqEnGOHhAK47zZYnrhdwnjXI3sPFNcRdLRodc%3D&sa=X&ved=2ahUKEwi9h6a9-96FAxVAzAIHHVz2CRAQmxN6BAgIEBQ
2024-04-26 06:44:14,681 - DEBUG - Found result: /search?sca_esv=a574cd4d615792eb&ei=DiMrZr3IFMCYi-gP3OyngAE&q=%D8%AC%D9%88%D8%AC%D9%84+%D8%A7%D9%84%D8%B4%D8%B1%D9%83%D8%A7%D8%AA+%D8%A7%D9%84%D9%81%D8%B1%D8%B9%D9%8A%D8%A9&stick=H4sIAAAAAAAAAOPgE-LUz9U3MDFNNk_S0swot9JPzs_JSU0uyczP088vSk_My6xKBHGKrYpLk4ozUzITizJTiwHHENo-OAAAAA
2024-04-26 06:44:14,681 - DEBUG - Found result: /search?sca_esv=a574cd4d615792eb&q=%D9%85%D8%A7%D9%88%D9%86%D8%AA%D9%86+%D9%81%D9%8A%D9%88&si=AKbGX_paaCugDdYkuX2heTJMr0_FGRox2AzKVmiTg2eQr2d-rtsUo20SZjC5spyfyEKgqCxq8Q79RzKpQ_PTZY-R0b_gCJ7IBjR_819vv6ElOAGyWXa1kGQCV3PHYyLAIr8Fb7htJW0bedW6G82ld9BbLePlD3e9mhWL1mDMCbiyKfkcGt12dUZGUZ7sK0iiF1MbEz5SZ2ARDOf_BT6V8mlrwLfGRWby_w%3D%3D&sa=X&ved=2ahUKEwi9h6a9-96FAxVAzAIHHVz2CRAQmxN6BAgIEBY
2024-04-26 06:44:14,681 - DEBUG - Found result: /url?esrc=s&q=&rct=j&sa=U&url=https://www.google.com/googlefinance/disclaimer/&ved=2ahUKEwi9h6a9-96FAxVAzAIHHVz2CRAQkh96BAgIEBc&usg=AOvVaw2AjAqEaCjIc1NWicXvy2KO
2024-04-26 06:44:14,681 - DEBUG - Found result: /url?esrc=s&q=&rct=j&sa=U&url=https://twitter.com/Google%3Fref_src%3Dtwsrc%255Egoogle%257Ctwcamp%255Eserp%257Ctwgr%255Eauthor&ved=2ahUKEwi9h6a9-96FAxVAzAIHHVz2CRAQ6F56BAgHEAI&usg=AOvVaw1M-qLFyYmq_bUrhiQx76LP
2024-04-26 06:44:14,681 - DEBUG - Found result: /url?esrc=s&q=&rct=j&sa=U&url=https://twitter.com/Google/status/1783136313241112631%3Fref_src%3Dtwsrc%255Egoogle%257Ctwcamp%255Eserp%257Ctwgr%255Etweet&ved=2ahUKEwi9h6a9-96FAxVAzAIHHVz2CRAQglR6BAgHEAQ&usg=AOvVaw3FVQi5MMpXxIxd9mxv5_nd
2024-04-26 06:44:14,681 - DEBUG - Found result: /url?esrc=s&q=&rct=j&sa=U&url=https://twitter.com/Google/status/1782838923103781307%3Fref_src%3Dtwsrc%255Egoogle%257Ctwcamp%255Eserp%257Ctwgr%255Etweet&ved=2ahUKEwi9h6a9-96FAxVAzAIHHVz2CRAQglR6BAgHEAY&usg=AOvVaw0SBMWnAaxC6NMXDr_CLb0o
2024-04-26 06:44:14,681 - DEBUG - Found result: /url?esrc=s&q=&rct=j&sa=U&url=https://twitter.com/Google/status/1782795314589577697%3Fref_src%3Dtwsrc%255Egoogle%257Ctwcamp%255Eserp%257Ctwgr%255Etweet&ved=2ahUKEwi9h6a9-96FAxVAzAIHHVz2CRAQglR6BAgHEAg&usg=AOvVaw1HJDPjNOA0KjXEqBJgHuHH
2024-04-26 06:44:14,681 - DEBUG - Found result: /url?esrc=s&q=&rct=j&sa=U&url=https://twitter.com/Google/status/1781396110772163063%3Fref_src%3Dtwsrc%255Egoogle%257Ctwcamp%255Eserp%257Ctwgr%255Etweet&ved=2ahUKEwi9h6a9-96FAxVAzAIHHVz2CRAQglR6BAgHEAo&usg=AOvVaw2q1ZVc5WdFYlUmRax8GF7n
2024-04-26 06:44:14,681 - DEBUG - Found result: /url?esrc=s&q=&rct=j&sa=U&url=https://twitter.com/Google/status/1780709582958100825%3Fref_src%3Dtwsrc%255Egoogle%257Ctwcamp%255Eserp%257Ctwgr%255Etweet&ved=2ahUKEwi9h6a9-96FAxVAzAIHHVz2CRAQglR6BAgHEAw&usg=AOvVaw1TLGyKE0Qw8RruEtUIB9a1
2024-04-26 06:44:14,681 - DEBUG - Found result: /url?esrc=s&q=&rct=j&sa=U&url=https://twitter.com/Google%3Fref_src%3Dtwsrc%255Egoogle%257Ctwcamp%255Eserp%257Ctwgr%255Eauthor&ved=2ahUKEwi9h6a9-96FAxVAzAIHHVz2CRAQp_gBegQIBxAN&usg=AOvVaw148CStapZj4KwBKcK-KJ5A
2024-04-26 06:44:14,681 - DEBUG - Found result: /url?esrc=s&q=&rct=j&sa=U&url=https://blog.google/&ved=2ahUKEwi9h6a9-96FAxVAzAIHHVz2CRAQFnoECAQQAg&usg=AOvVaw2FcXlwVNylkeJfKkkHR6gi
2024-04-26 06:44:14,681 - DEBUG - Found result: /url?esrc=s&q=&rct=j&sa=U&url=https://about.google/&ved=2ahUKEwi9h6a9-96FAxVAzAIHHVz2CRAQFnoECAEQAg&usg=AOvVaw3Aaa26VOjiDwXIoAUWe7cu
2024-04-26 06:44:14,682 - DEBUG - Found result: /url?esrc=s&q=&rct=j&sa=U&url=https://about.google/products/&ved=2ahUKEwi9h6a9-96FAxVAzAIHHVz2CRAQ0gJ6BAgBEAU&usg=AOvVaw1KQjap9JD9Foe6GNC74m_p
2024-04-26 06:44:14,682 - DEBUG - Found result: /url?esrc=s&q=&rct=j&sa=U&url=https://about.google/stories/accelerating-equity-for-women/&ved=2ahUKEwi9h6a9-96FAxVAzAIHHVz2CRAQ0gJ6BAgBEAY&usg=AOvVaw3QtmmZXsiBH983rziPXx5D
2024-04-26 06:44:14,682 - DEBUG - Found result: /url?esrc=s&q=&rct=j&sa=U&url=https://about.google/intl/ALL_in/&ved=2ahUKEwi9h6a9-96FAxVAzAIHHVz2CRAQ0gJ6BAgBEAc&usg=AOvVaw2WO9ozNGfYrpwu_hQP3Fq5
2024-04-26 06:44:14,682 - DEBUG - Found result: /url?esrc=s&q=&rct=j&sa=U&url=https://about.google/intl/ALL_us/products/&ved=2ahUKEwi9h6a9-96FAxVAzAIHHVz2CRAQ0gJ6BAgBEAg&usg=AOvVaw3NKve-VdqQ8tGeHasQI2Ix
2024-04-26 06:44:14,682 - DEBUG - Found result: /url?esrc=s&q=&rct=j&sa=U&url=https://about.google/products/&ved=2ahUKEwi9h6a9-96FAxVAzAIHHVz2CRAQFnoECAUQAg&usg=AOvVaw0bg8VKgCGF6GEhBSIxr3gX
2024-04-26 06:44:14,682 - DEBUG - Found result: /url?esrc=s&q=&rct=j&sa=U&url=https://en.wikipedia.org/wiki/Google&ved=2ahUKEwi9h6a9-96FAxVAzAIHHVz2CRAQFnoECAYQAg&usg=AOvVaw1DxU5BZuyjuEDmcFnABghP
2024-04-26 06:44:14,682 - DEBUG - Found result: /url?esrc=s&q=&rct=j&sa=U&url=https://en.wikipedia.org/wiki/Google_Search&ved=2ahUKEwi9h6a9-96FAxVAzAIHHVz2CRAQ0gJ6BAgGEAU&usg=AOvVaw2CmVKBsxSJwrkL41QzwTXT
2024-04-26 06:44:14,682 - DEBUG - Found result: /url?esrc=s&q=&rct=j&sa=U&url=https://en.wikipedia.org/wiki/Google_Pixel&ved=2ahUKEwi9h6a9-96FAxVAzAIHHVz2CRAQ0gJ6BAgGEAY&usg=AOvVaw0m5ebSraVD-eiKNzypddDu
2024-04-26 06:44:14,682 - DEBUG - Found result: /url?esrc=s&q=&rct=j&sa=U&url=https://en.wikipedia.org/wiki/Google_(disambiguation)&ved=2ahUKEwi9h6a9-96FAxVAzAIHHVz2CRAQ0gJ6BAgGEAc&usg=AOvVaw0h0OSOQK-RbX9S2gWPSTHc
2024-04-26 06:44:14,682 - DEBUG - Found result: /url?esrc=s&q=&rct=j&sa=U&url=https://en.wikipedia.org/wiki/Google_DeepMind&ved=2ahUKEwi9h6a9-96FAxVAzAIHHVz2CRAQ0gJ6BAgGEAg&usg=AOvVaw2EGqr6IuaEABm1azvbF_Z4
2024-04-26 06:44:14,682 - DEBUG - Found result: /url?esrc=s&q=&rct=j&sa=U&url=https://doodles.google/&ved=2ahUKEwi9h6a9-96FAxVAzAIHHVz2CRAQFnoECAIQAg&usg=AOvVaw0y-HiZfDSxzT-vjSkI2p_A
2024-04-26 06:44:14,682 - DEBUG - Found result: /search?sca_esv=a574cd4d615792eb&q=www.google.com+search&sa=X&ved=2ahUKEwi9h6a9-96FAxVAzAIHHVz2CRAQ1QJ6BAgAEAI
2024-04-26 06:44:14,682 - DEBUG - Found result: /search?sca_esv=a574cd4d615792eb&q=google.com+%D8%AA%D8%B3%D8%AC%D9%8A%D9%84+%D8%A7%D9%84%D8%AF%D8%AE%D9%88%D9%84&sa=X&ved=2ahUKEwi9h6a9-96FAxVAzAIHHVz2CRAQ1QJ6BAgAEAQ
2024-04-26 06:44:14,682 - DEBUG - Found result: /search?sca_esv=a574cd4d615792eb&q=Gmail&sa=X&ved=2ahUKEwi9h6a9-96FAxVAzAIHHVz2CRAQ1QJ6BAgAEAY
2024-04-26 06:44:14,682 - DEBUG - Found result: /search?sca_esv=a574cd4d615792eb&q=google.+come&sa=X&ved=2ahUKEwi9h6a9-96FAxVAzAIHHVz2CRAQ1QJ6BAgAEAg
2024-04-26 06:44:14,683 - DEBUG - Found result: /search?sca_esv=a574cd4d615792eb&q=www.google.com+search+video&sa=X&ved=2ahUKEwi9h6a9-96FAxVAzAIHHVz2CRAQ1QJ6BAgAEAo
2024-04-26 06:44:14,683 - DEBUG - Found result: /search?sca_esv=a574cd4d615792eb&q=Google+Play&sa=X&ved=2ahUKEwi9h6a9-96FAxVAzAIHHVz2CRAQ1QJ6BAgAEAw
2024-04-26 06:44:14,683 - DEBUG - Found result: /search?sca_esv=a574cd4d615792eb&q=Google+%D8%A8%D8%AD%D8%AB&sa=X&ved=2ahUKEwi9h6a9-96FAxVAzAIHHVz2CRAQ1QJ6BAgAEA4
2024-04-26 06:44:14,683 - DEBUG - Found result: /search?sca_esv=a574cd4d615792eb&q=Google+Maps&sa=X&ved=2ahUKEwi9h6a9-96FAxVAzAIHHVz2CRAQ1QJ6BAgAEBA
2024-04-26 06:44:14,683 - DEBUG - Found result: /search?q=inurl:google&sca_esv=a574cd4d615792eb&ei=DiMrZr3IFMCYi-gP3OyngAE&start=10&sa=N
2024-04-26 06:44:14,683 - DEBUG - Found result: /url?url=https://support.google.com/websearch%3Fp%3Dws_settings_location%26hl%3Dar-JO&rct=j&q=&esrc=s&opi=89978449&sa=U&ved=0ahUKEwi9h6a9-96FAxVAzAIHHVz2CRAQty4IfA&usg=AOvVaw0GUdtG7tIxEzXGyH3qvwZM
2024-04-26 06:44:14,683 - DEBUG - Found result: /url?url=https://accounts.google.com/ServiceLogin%3Fcontinue%3Dhttps://www.google.com/search%253Fq%253Dinurl:google%26hl%3Dar&rct=j&q=&esrc=s&opi=89978449&sa=U&ved=0ahUKEwi9h6a9-96FAxVAzAIHHVz2CRAQxs8CCH0&usg=AOvVaw2Q6LDbHooGn-fXTJPgM14Z
2024-04-26 06:44:14,683 - DEBUG - Found result: https://www.google.com/preferences?hl=ar-JO&fg=1&sa=X&ved=0ahUKEwi9h6a9-96FAxVAzAIHHVz2CRAQ5fUCCH4
2024-04-26 06:44:14,683 - DEBUG - Found result: https://policies.google.com/privacy?hl=ar-JO&fg=1
2024-04-26 06:44:14,683 - DEBUG - Found result: https://policies.google.com/terms?hl=ar-JO&fg=1
2024-04-26 06:44:14,683 - DEBUG - Found result: /setprefs?hl=ar&prev=https://www.google.com/search?q%3Dinurl:google%26pccc%3D1&sig=0_0p4resYdV75vuhQJZ0B7W9YLZTI%3D&cs=2&sa=X&ved=0ahUKEwi9h6a9-96FAxVAzAIHHVz2CRAQjcAJCH8
2024-04-26 06:49:01,035 - DEBUG - Found result: /?sa=X&ved=0ahUKEwjjtfTF_N6FAxXd9wIHHfFhBAUQOwgC
2024-04-26 06:49:01,035 - DEBUG - Found result: /search?q=inurl:google+%7C+intitle:pdf&sca_esv=a574cd4d615792eb&sca_upv=1&gbv=1&sei=LCQrZuPvMt3vi-gP8cORKA
2024-04-26 06:49:01,036 - DEBUG - Found result: /search?q=inurl:google+%7C+intitle:pdf&sca_esv=a574cd4d615792eb&sca_upv=1&tbm=bks&source=lnms&sa=X&ved=0ahUKEwjjtfTF_N6FAxXd9wIHHfFhBAUQ_AUIBigB
2024-04-26 06:49:01,036 - DEBUG - Found result: /search?q=inurl:google+%7C+intitle:pdf&sca_esv=a574cd4d615792eb&sca_upv=1&tbm=isch&source=lnms&sa=X&ved=0ahUKEwjjtfTF_N6FAxXd9wIHHfFhBAUQ_AUIBygC
2024-04-26 06:49:01,036 - DEBUG - Found result: /url?url=https://maps.google.com/maps%3Fq%3Dinurl:google%2B%257C%2Bintitle:pdf%26um%3D1%26ie%3DUTF-8%26ved%3D1t:200713%26ictx%3D111&rct=j&q=&esrc=s&opi=89978449&sa=U&ved=0ahUKEwjjtfTF_N6FAxXd9wIHHfFhBAUQiaAMCAgoAw&usg=AOvVaw2rg79wxiAE40okXEcjcEsJ
2024-04-26 06:49:01,036 - DEBUG - Found result: /search?q=inurl:google+%7C+intitle:pdf&sca_esv=a574cd4d615792eb&sca_upv=1&tbm=vid&source=lnms&sa=X&ved=0ahUKEwjjtfTF_N6FAxXd9wIHHfFhBAUQ_AUICSgE
2024-04-26 06:49:01,036 - DEBUG - Found result: /search?q=inurl:google+%7C+intitle:pdf&sca_esv=a574cd4d615792eb&sca_upv=1&tbm=nws&source=lnms&sa=X&ved=0ahUKEwjjtfTF_N6FAxXd9wIHHfFhBAUQ_AUICigF
2024-04-26 06:49:01,036 - DEBUG - Found result: /advanced_search
2024-04-26 06:49:01,036 - DEBUG - Found result: /search?q=inurl:google+%7C+intitle:pdf&sca_esv=a574cd4d615792eb&sca_upv=1&source=lnt&tbs=lr:lang_1ar&lr=lang_ar&sa=X&ved=0ahUKEwjjtfTF_N6FAxXd9wIHHfFhBAUQpwUIDA
2024-04-26 06:49:01,036 - DEBUG - Found result: /search?q=inurl:google+%7C+intitle:pdf&sca_esv=a574cd4d615792eb&sca_upv=1&source=lnt&tbs=qdr:h&sa=X&ved=0ahUKEwjjtfTF_N6FAxXd9wIHHfFhBAUQpwUIDg
2024-04-26 06:49:01,036 - DEBUG - Found result: /search?q=inurl:google+%7C+intitle:pdf&sca_esv=a574cd4d615792eb&sca_upv=1&source=lnt&tbs=qdr:d&sa=X&ved=0ahUKEwjjtfTF_N6FAxXd9wIHHfFhBAUQpwUIDw
2024-04-26 06:49:01,037 - DEBUG - Found result: /search?q=inurl:google+%7C+intitle:pdf&sca_esv=a574cd4d615792eb&sca_upv=1&source=lnt&tbs=qdr:w&sa=X&ved=0ahUKEwjjtfTF_N6FAxXd9wIHHfFhBAUQpwUIEA
2024-04-26 06:49:01,037 - DEBUG - Found result: /search?q=inurl:google+%7C+intitle:pdf&sca_esv=a574cd4d615792eb&sca_upv=1&source=lnt&tbs=qdr:m&sa=X&ved=0ahUKEwjjtfTF_N6FAxXd9wIHHfFhBAUQpwUIEQ
2024-04-26 06:49:01,037 - DEBUG - Found result: /search?q=inurl:google+%7C+intitle:pdf&sca_esv=a574cd4d615792eb&sca_upv=1&source=lnt&tbs=qdr:y&sa=X&ved=0ahUKEwjjtfTF_N6FAxXd9wIHHfFhBAUQpwUIEg
2024-04-26 06:49:01,037 - DEBUG - Found result: /search?q=inurl:google+%7C+intitle:pdf&sca_esv=a574cd4d615792eb&sca_upv=1&source=lnt&tbs=li:1&sa=X&ved=0ahUKEwjjtfTF_N6FAxXd9wIHHfFhBAUQpwUIFA
2024-04-26 06:49:01,037 - DEBUG - Found result: /url?esrc=s&q=&rct=j&sa=U&url=https://www.google.com/&ved=2ahUKEwjjtfTF_N6FAxXd9wIHHfFhBAUQFnoECAQQAg&usg=AOvVaw0_Z6hUjSc52uM444O1GEUw
2024-04-26 06:49:01,037 - DEBUG - Found result: /url?esrc=s&q=&rct=j&sa=U&url=https://www.google.com/drive/&ved=2ahUKEwjjtfTF_N6FAxXd9wIHHfFhBAUQ0gJ6BAgEEAU&usg=AOvVaw2VYktzyUqxJljdALF3WmGy
2024-04-26 06:49:01,037 - DEBUG - Found result: /url?esrc=s&q=&rct=j&sa=U&url=https://books.google.com/&ved=2ahUKEwjjtfTF_N6FAxXd9wIHHfFhBAUQ0gJ6BAgEEAY&usg=AOvVaw0fwlMfJnsILQBLKLbKTQDF
2024-04-26 06:49:01,037 - DEBUG - Found result: /url?esrc=s&q=&rct=j&sa=U&url=https://contacts.google.com/&ved=2ahUKEwjjtfTF_N6FAxXd9wIHHfFhBAUQ0gJ6BAgEEAc&usg=AOvVaw3UiJtR2KoJp2iCe_6T6Kp0
2024-04-26 06:49:01,037 - DEBUG - Found result: /url?esrc=s&q=&rct=j&sa=U&url=https://accounts.google.com/&ved=2ahUKEwjjtfTF_N6FAxXd9wIHHfFhBAUQ0gJ6BAgEEAg&usg=AOvVaw0w6OaugbRCEs0zJLV8TgRa
2024-04-26 06:49:01,037 - DEBUG - Found result: /url?esrc=s&q=&rct=j&sa=U&url=https://chrome.google.com/webstore/detail/pdf-viewer/oemmndcbldboiebfnladdacbdfmadadm%3Fhl%3Dar&ved=2ahUKEwjjtfTF_N6FAxXd9wIHHfFhBAUQFnoECAkQAg&usg=AOvVaw2Pieo0QOL9drdxDdIkWl9o
2024-04-26 06:49:01,037 - DEBUG - Found result: /url?esrc=s&q=&rct=j&sa=U&url=https://google-pdf-viewer.ar.uptodown.com/android&ved=2ahUKEwjjtfTF_N6FAxXd9wIHHfFhBAUQFnoECAoQAg&usg=AOvVaw0Rf_Cq7JecSlj-fXGOFr6e
2024-04-26 06:49:01,037 - DEBUG - Found result: /url?esrc=s&q=&rct=j&sa=U&url=https://www.google.com/intl/ar/docs/about/&ved=2ahUKEwjjtfTF_N6FAxXd9wIHHfFhBAUQFnoECAUQAg&usg=AOvVaw2kCuKupSfd4ytvCK4Cn-yY
2024-04-26 06:49:01,037 - DEBUG - Found result: /url?esrc=s&q=&rct=j&sa=U&url=https://drive.google.com/drive/u/0/my-drive&ved=2ahUKEwjjtfTF_N6FAxXd9wIHHfFhBAUQFnoECAIQAg&usg=AOvVaw0pNfrWxCBKOEf6GW8Qi7kR
2024-04-26 06:49:01,037 - DEBUG - Found result: /url?esrc=s&q=&rct=j&sa=U&url=https://workspace.google.com/marketplace/app/pdf_viewer/619241882594&ved=2ahUKEwjjtfTF_N6FAxXd9wIHHfFhBAUQFnoECAgQAg&usg=AOvVaw2JWPjC4HJBLcwCQ3kvmjfc
2024-04-26 06:49:01,037 - DEBUG - Found result: /url?esrc=s&q=&rct=j&sa=U&url=https://books.google.com/&ved=2ahUKEwjjtfTF_N6FAxXd9wIHHfFhBAUQFnoECAEQAg&usg=AOvVaw2ohJRa-CDusU9P9fAxuf7B
2024-04-26 06:49:01,038 - DEBUG - Found result: /url?esrc=s&q=&rct=j&sa=U&url=https://support.google.com/websearch/answer/9523832%3Fhl%3Den&ved=2ahUKEwjjtfTF_N6FAxXd9wIHHfFhBAUQ0gJ6BAgBEAU&usg=AOvVaw1e3ta9dBLQIh54T3Uk2Cnm
2024-04-26 06:49:01,038 - DEBUG - Found result: /url?esrc=s&q=&rct=j&sa=U&url=https://play.google.com/store/books%3Fhl%3Den_US%26gl%3DUS&ved=2ahUKEwjjtfTF_N6FAxXd9wIHHfFhBAUQ0gJ6BAgBEAY&usg=AOvVaw1ah6XIrnbVMpLYTY6G_Ogc
2024-04-26 06:49:01,038 - DEBUG - Found result: /url?esrc=s&q=&rct=j&sa=U&url=https://research.google.com/semanticexperiences/about.html&ved=2ahUKEwjjtfTF_N6FAxXd9wIHHfFhBAUQ0gJ6BAgBEAc&usg=AOvVaw0hWy8iTkfU-36fQwf-WT0i
2024-04-26 06:49:01,038 - DEBUG - Found result: /url?esrc=s&q=&rct=j&sa=U&url=https://play.google.com/store/books/category/coll_1673%3Fhl%3Den_US%26gl%3DUS&ved=2ahUKEwjjtfTF_N6FAxXd9wIHHfFhBAUQ0gJ6BAgBEAg&usg=AOvVaw0engF6Dp8IClCFsJkjC4rj
2024-04-26 06:49:01,038 - DEBUG - Found result: /url?esrc=s&q=&rct=j&sa=U&url=https://play.google.com/store/apps/details%3Fid%3Dcom.adobe.reader%26hl%3Dar&ved=2ahUKEwjjtfTF_N6FAxXd9wIHHfFhBAUQFnoECAcQAg&usg=AOvVaw3L7a6184UgpfFf79rU84OC
2024-04-26 06:49:01,038 - DEBUG - Found result: /url?esrc=s&q=&rct=j&sa=U&url=https://www.ilovepdf.com/ar&ved=2ahUKEwjjtfTF_N6FAxXd9wIHHfFhBAUQFnoECAMQAg&usg=AOvVaw1edZAbQPEXYVj5yKP8Vjiu
2024-04-26 06:49:01,038 - DEBUG - Found result: /url?esrc=s&q=&rct=j&sa=U&url=https://www.ilovepdf.com/ar/compress_pdf&ved=2ahUKEwjjtfTF_N6FAxXd9wIHHfFhBAUQ0gJ6BAgDEAU&usg=AOvVaw2WSMz_wh3ov2DEEB4yxk-H
2024-04-26 06:49:01,038 - DEBUG - Found result: /url?esrc=s&q=&rct=j&sa=U&url=https://www.ilovepdf.com/ar/convert-pdf-to-pdfa&ved=2ahUKEwjjtfTF_N6FAxXd9wIHHfFhBAUQ0gJ6BAgDEAY&usg=AOvVaw0IIG77t5RhzYCgcPvsyhkj
2024-04-26 06:49:01,038 - DEBUG - Found result: /url?esrc=s&q=&rct=j&sa=U&url=https://www.ilovepdf.com/ar/merge_pdf&ved=2ahUKEwjjtfTF_N6FAxXd9wIHHfFhBAUQ0gJ6BAgDEAc&usg=AOvVaw0RQ-ITj4svzHcWPRD3IW1H
2024-04-26 06:49:01,038 - DEBUG - Found result: /url?esrc=s&q=&rct=j&sa=U&url=https://www.ilovepdf.com/ar/split_pdf&ved=2ahUKEwjjtfTF_N6FAxXd9wIHHfFhBAUQ0gJ6BAgDEAg&usg=AOvVaw2V8ub4Cl3pV2j1sBlZqujr
2024-04-26 06:49:01,038 - DEBUG - Found result: /url?esrc=s&q=&rct=j&sa=U&url=https://chrome.google.com/webstore/detail/google-scholar-pdf-reader/dahenjhkoodjbpjheillcadbppiidmhp&ved=2ahUKEwjjtfTF_N6FAxXd9wIHHfFhBAUQFnoECAAQAg&usg=AOvVaw0Rbytvi2xnKyvG0w2eunqB
2024-04-26 06:49:01,038 - DEBUG - Found result: /search?sca_esv=a574cd4d615792eb&sca_upv=1&q=Google+PDF+Viewer&sa=X&ved=2ahUKEwjjtfTF_N6FAxXd9wIHHfFhBAUQ1QJ6BAgGEAI
2024-04-26 06:49:01,038 - DEBUG - Found result: /search?sca_esv=a574cd4d615792eb&sca_upv=1&q=google.com+%D8%AA%D8%B3%D8%AC%D9%8A%D9%84+%D8%A7%D9%84%D8%AF%D8%AE%D9%88%D9%84&sa=X&ved=2ahUKEwjjtfTF_N6FAxXd9wIHHfFhBAUQ1QJ6BAgGEAQ
2024-04-26 06:49:01,038 - DEBUG - Found result: /search?sca_esv=a574cd4d615792eb&sca_upv=1&q=www.google.com+search&sa=X&ved=2ahUKEwjjtfTF_N6FAxXd9wIHHfFhBAUQ1QJ6BAgGEAY
2024-04-26 06:49:01,038 - DEBUG - Found result: /search?sca_esv=a574cd4d615792eb&sca_upv=1&q=%D8%AA%D9%86%D8%B2%D9%8A%D9%84+%D8%A8%D8%B1%D9%86%D8%A7%D9%85%D8%AC+PDF+%D8%A7%D9%84%D8%A3%D8%B5%D9%84%D9%8A&sa=X&ved=2ahUKEwjjtfTF_N6FAxXd9wIHHfFhBAUQ1QJ6BAgGEAg
2024-04-26 06:49:01,039 - DEBUG - Found result: /search?sca_esv=a574cd4d615792eb&sca_upv=1&q=google.+come&sa=X&ved=2ahUKEwjjtfTF_N6FAxXd9wIHHfFhBAUQ1QJ6BAgGEAo
2024-04-26 06:49:01,039 - DEBUG - Found result: /search?sca_esv=a574cd4d615792eb&sca_upv=1&q=%D8%AA%D8%B7%D8%A8%D9%8A%D9%82+pdf&sa=X&ved=2ahUKEwjjtfTF_N6FAxXd9wIHHfFhBAUQ1QJ6BAgGEAw
2024-04-26 06:49:01,039 - DEBUG - Found result: /search?sca_esv=a574cd4d615792eb&sca_upv=1&q=%D8%A8%D8%B1%D9%86%D8%A7%D9%85%D8%AC+PDF+%D8%A7%D9%84%D8%A3%D8%B5%D9%84%D9%8A+%D9%84%D9%84%D8%A7%D9%86%D8%AF%D8%B1%D9%88%D9%8A%D8%AF&sa=X&ved=2ahUKEwjjtfTF_N6FAxXd9wIHHfFhBAUQ1QJ6BAgGEA4
2024-04-26 06:49:01,039 - DEBUG - Found result: /search?sca_esv=a574cd4d615792eb&sca_upv=1&q=PDF+viewer+download&sa=X&ved=2ahUKEwjjtfTF_N6FAxXd9wIHHfFhBAUQ1QJ6BAgGEBA
2024-04-26 06:49:01,039 - DEBUG - Found result: /search?q=inurl:google+%7C+intitle:pdf&sca_esv=a574cd4d615792eb&sca_upv=1&ei=LCQrZuPvMt3vi-gP8cORKA&start=10&sa=N
2024-04-26 06:49:01,039 - DEBUG - Found result: /url?url=https://support.google.com/websearch%3Fp%3Dws_settings_location%26hl%3Dar-JO&rct=j&q=&esrc=s&opi=89978449&sa=U&ved=0ahUKEwjjtfTF_N6FAxXd9wIHHfFhBAUQty4IZA&usg=AOvVaw1--mQAop1u4cxrV0yWiw6p
2024-04-26 06:49:01,039 - DEBUG - Found result: /url?url=https://accounts.google.com/ServiceLogin%3Fcontinue%3Dhttps://www.google.com/search%253Fq%253Dinurl:google%252B%25257C%252Bintitle:pdf%26hl%3Dar&rct=j&q=&esrc=s&opi=89978449&sa=U&ved=0ahUKEwjjtfTF_N6FAxXd9wIHHfFhBAUQxs8CCGU&usg=AOvVaw2LPVuw5ZvfXjZ14X_yqooH
2024-04-26 06:49:01,039 - DEBUG - Found result: https://www.google.com/preferences?hl=ar-JO&fg=1&sa=X&ved=0ahUKEwjjtfTF_N6FAxXd9wIHHfFhBAUQ5fUCCGY
2024-04-26 06:49:01,039 - DEBUG - Found result: https://policies.google.com/privacy?hl=ar-JO&fg=1
2024-04-26 06:49:01,039 - DEBUG - Found result: https://policies.google.com/terms?hl=ar-JO&fg=1
2024-04-26 06:49:01,039 - DEBUG - Found result: /setprefs?hl=ar&prev=https://www.google.com/search?q%3Dinurl:google%2B%257C%2Bintitle:pdf%26pccc%3D1&sig=0_sprNf53H1kf2eDoWRIYH0QG6_s0%3D&cs=2&sa=X&ved=0ahUKEwjjtfTF_N6FAxXd9wIHHfFhBAUQjcAJCGc
2024-04-26 06:50:26,502 - DEBUG - Found result: /?sa=X&ved=0ahUKEwiU18nu_N6FAxWG3gIHHY7JBDoQOwgC
2024-04-26 06:54:55,924 - DEBUG - Found result: https://mail.google.com/mail/?tab=wm&ogbl
2024-04-26 06:54:55,925 - DEBUG - Found result: https://www.google.com/imghp?hl=ar&tab=wi&ogbl
2024-04-26 06:54:55,925 - DEBUG - Found result: https://www.google.jo/intl/ar/about/products?tab=wh
2024-04-26 06:54:55,925 - DEBUG - Found result: https://accounts.google.com/ServiceLogin?hl=ar&passive=true&continue=https://www.google.com/webhp%3Fstart%3D0&ec=GAZAAQ
2024-04-26 06:54:55,925 - DEBUG - Found result: https://www.google.com/setprefs?sig=0_oTLF06GVP9elm0jqppqvOzn1h-E%3D&hl=en&source=homepage&sa=X&ved=0ahUKEwj6843v_d6FAxWO-gIHHfu9AbUQ2ZgBCAQ
2024-04-26 06:54:55,925 - DEBUG - Found result: http://www.google.com/intl/ar/services/
2024-04-26 06:54:55,925 - DEBUG - Found result: https://www.google.com/setprefdomain?prefdom=JO&prev=https://www.google.jo/&sig=K_Bj29m1qyMMvB0iVZ3ZJL9gblPVw%3D
2024-04-26 06:54:56,813 - DEBUG - Found result: https://mail.google.com/mail/?tab=wm&ogbl
2024-04-26 06:54:56,813 - DEBUG - Found result: https://www.google.com/imghp?hl=ar&tab=wi&ogbl
2024-04-26 06:54:56,813 - DEBUG - Found result: https://www.google.jo/intl/ar/about/products?tab=wh
2024-04-26 06:54:56,813 - DEBUG - Found result: https://accounts.google.com/ServiceLogin?hl=ar&passive=true&continue=https://www.google.com/webhp%3Fstart%3D10&ec=GAZAAQ
2024-04-26 06:54:56,813 - DEBUG - Found result: https://www.google.com/setprefs?sig=0_AgxlPJAWzi3SVKMH2DIUy0KhWb8%3D&hl=en&source=homepage&sa=X&ved=0ahUKEwj2gMjv_d6FAxVl9QIHHV7RDVw4ChDZmAEIBA
2024-04-26 06:54:56,813 - DEBUG - Found result: http://www.google.com/intl/ar/services/
2024-04-26 06:54:56,814 - DEBUG - Found result: https://www.google.com/setprefdomain?prefdom=JO&prev=https://www.google.jo/&sig=K_rgrLmMUn1SR4ghq73lizxJeqRLc%3D
2024-04-26 06:54:57,760 - DEBUG - Found result: https://mail.google.com/mail/?tab=wm&ogbl
2024-04-26 06:54:57,760 - DEBUG - Found result: https://www.google.com/imghp?hl=ar&tab=wi&ogbl
2024-04-26 06:54:57,760 - DEBUG - Found result: https://www.google.jo/intl/ar/about/products?tab=wh
2024-04-26 06:54:57,760 - DEBUG - Found result: https://accounts.google.com/ServiceLogin?hl=ar&passive=true&continue=https://www.google.com/webhp%3Fstart%3D20&ec=GAZAAQ
2024-04-26 06:54:57,760 - DEBUG - Found result: https://www.google.com/setprefs?sig=0_crmyack0PqywxtNr9qfYE32S32w%3D&hl=en&source=homepage&sa=X&ved=0ahUKEwjupf_v_d6FAxV-1gIHHfasBpo4FBDZmAEIBA
2024-04-26 06:54:57,760 - DEBUG - Found result: http://www.google.com/intl/ar/services/
2024-04-26 06:54:57,761 - DEBUG - Found result: https://www.google.com/setprefdomain?prefdom=JO&prev=https://www.google.jo/&sig=K_93EE44w_GNgE6oe10sHU-6ZgNaw%3D
2024-04-26 06:54:58,666 - DEBUG - Found result: https://mail.google.com/mail/?tab=wm&ogbl
2024-04-26 06:54:58,666 - DEBUG - Found result: https://www.google.com/imghp?hl=ar&tab=wi&ogbl
2024-04-26 06:54:58,666 - DEBUG - Found result: https://www.google.jo/intl/ar/about/products?tab=wh
2024-04-26 06:54:58,666 - DEBUG - Found result: https://accounts.google.com/ServiceLogin?hl=ar&passive=true&continue=https://www.google.com/webhp%3Fstart%3D30&ec=GAZAAQ
2024-04-26 06:54:58,666 - DEBUG - Found result: https://www.google.com/setprefs?sig=0_epB7fGJfQaV30NELYKYWK4lGsfY%3D&hl=en&source=homepage&sa=X&ved=0ahUKEwjKkrjw_d6FAxUp9gIHHbXPBx84HhDZmAEIBA
2024-04-26 06:54:58,666 - DEBUG - Found result: http://www.google.com/intl/ar/services/
2024-04-26 06:54:58,666 - DEBUG - Found result: https://www.google.com/setprefdomain?prefdom=JO&prev=https://www.google.jo/&sig=K_ZkYDWsinu-qv0rGVARUZsvJpk8w%3D
2024-04-26 06:54:59,554 - DEBUG - Found result: https://mail.google.com/mail/?tab=wm&ogbl
2024-04-26 06:54:59,554 - DEBUG - Found result: https://www.google.com/imghp?hl=ar&tab=wi&ogbl
2024-04-26 06:54:59,554 - DEBUG - Found result: https://www.google.jo/intl/ar/about/products?tab=wh
2024-04-26 06:54:59,554 - DEBUG - Found result: https://accounts.google.com/ServiceLogin?hl=ar&passive=true&continue=https://www.google.com/webhp%3Fstart%3D40&ec=GAZAAQ
2024-04-26 06:54:59,554 - DEBUG - Found result: https://www.google.com/setprefs?sig=0_vx-MZnRDqMp01rxfA9miZ5xS19o%3D&hl=en&source=homepage&sa=X&ved=0ahUKEwjg7-7w_d6FAxUa-AIHHbo2Acs4KBDZmAEIBA
2024-04-26 06:54:59,555 - DEBUG - Found result: http://www.google.com/intl/ar/services/
2024-04-26 06:54:59,555 - DEBUG - Found result: https://www.google.com/setprefdomain?prefdom=JO&prev=https://www.google.jo/&sig=K_GK-Dv6j9YLBWaNd0S-kUMerzSio%3D
2024-04-26 06:55:28,533 - DEBUG - Found result: https://www.google.com/preferences?hl=ar-JO&fg=1&sa=X&ved=0ahUKEwjQutz-_d6FAxWt8gIHHZONB8sQ5fUCCBo
2024-04-26 06:55:28,533 - DEBUG - Found result: https://policies.google.com/privacy?hl=ar-JO&fg=1
2024-04-26 06:55:28,533 - DEBUG - Found result: https://policies.google.com/terms?hl=ar-JO&fg=1
2024-04-26 06:55:29,127 - DEBUG - Found result: https://www.google.com/preferences?hl=ar-JO&fg=1&sa=X&ved=0ahUKEwilhPz-_d6FAxXo9QIHHQ1MA4Q4ChDl9QIIGg
2024-04-26 06:55:29,127 - DEBUG - Found result: https://policies.google.com/privacy?hl=ar-JO&fg=1
2024-04-26 06:55:29,127 - DEBUG - Found result: https://policies.google.com/terms?hl=ar-JO&fg=1
2024-04-26 06:55:29,666 - DEBUG - Found result: https://www.google.com/preferences?hl=ar-JO&fg=1&sa=X&ved=0ahUKEwjpl6H__d6FAxU3zwIHHUmOB0k4FBDl9QIIGg
2024-04-26 06:55:29,666 - DEBUG - Found result: https://policies.google.com/privacy?hl=ar-JO&fg=1
2024-04-26 06:55:29,666 - DEBUG - Found result: https://policies.google.com/terms?hl=ar-JO&fg=1
2024-04-26 06:55:30,207 - DEBUG - Found result: https://www.google.com/preferences?hl=ar-JO&fg=1&sa=X&ved=0ahUKEwiJ-cH__d6FAxVy6gIHHek9D5c4HhDl9QIIGg
2024-04-26 06:55:30,208 - DEBUG - Found result: https://policies.google.com/privacy?hl=ar-JO&fg=1
2024-04-26 06:55:30,208 - DEBUG - Found result: https://policies.google.com/terms?hl=ar-JO&fg=1
2024-04-26 06:55:30,741 - DEBUG - Found result: https://www.google.com/preferences?hl=ar-JO&fg=1&sa=X&ved=0ahUKEwjFg-P__d6FAxVy8QIHHSbQAnw4KBDl9QIIGg
2024-04-26 06:55:30,741 - DEBUG - Found result: https://policies.google.com/privacy?hl=ar-JO&fg=1
2024-04-26 06:55:30,741 - DEBUG - Found result: https://policies.google.com/terms?hl=ar-JO&fg=1
2024-04-26 06:55:31,272 - DEBUG - Found result: https://www.google.com/preferences?hl=ar-JO&fg=1&sa=X&ved=0ahUKEwjXq4OA_t6FAxWgzQIHHY_eBvg4MhDl9QIIGg
2024-04-26 06:55:31,272 - DEBUG - Found result: https://policies.google.com/privacy?hl=ar-JO&fg=1
2024-04-26 06:55:31,272 - DEBUG - Found result: https://policies.google.com/terms?hl=ar-JO&fg=1
2024-04-26 06:55:31,791 - DEBUG - Found result: https://www.google.com/preferences?hl=ar-JO&fg=1&sa=X&ved=0ahUKEwjbq6OA_t6FAxUj8gIHHeoFDFQ4PBDl9QIIGg
2024-04-26 06:55:31,791 - DEBUG - Found result: https://policies.google.com/privacy?hl=ar-JO&fg=1
2024-04-26 06:55:31,791 - DEBUG - Found result: https://policies.google.com/terms?hl=ar-JO&fg=1
2024-04-26 06:55:32,316 - DEBUG - Found result: https://www.google.com/preferences?hl=ar-JO&fg=1&sa=X&ved=0ahUKEwj7rMOA_t6FAxU6wAIHHTKKByc4RhDl9QIIGg
2024-04-26 06:55:32,317 - DEBUG - Found result: https://policies.google.com/privacy?hl=ar-JO&fg=1
2024-04-26 06:55:32,317 - DEBUG - Found result: https://policies.google.com/terms?hl=ar-JO&fg=1
2024-04-26 06:55:32,830 - DEBUG - Found result: https://www.google.com/preferences?hl=ar-JO&fg=1&sa=X&ved=0ahUKEwjfr-OA_t6FAxUr1gIHHWspDWM4UBDl9QIIGg
2024-04-26 06:55:32,831 - DEBUG - Found result: https://policies.google.com/privacy?hl=ar-JO&fg=1
2024-04-26 06:55:32,831 - DEBUG - Found result: https://policies.google.com/terms?hl=ar-JO&fg=1
2024-04-26 06:55:33,342 - DEBUG - Found result: https://www.google.com/preferences?hl=ar-JO&fg=1&sa=X&ved=0ahUKEwiezoKB_t6FAxXq8gIHHaQkCWM4WhDl9QIIGg
2024-04-26 06:55:33,342 - DEBUG - Found result: https://policies.google.com/privacy?hl=ar-JO&fg=1
2024-04-26 06:55:33,342 - DEBUG - Found result: https://policies.google.com/terms?hl=ar-JO&fg=1
2024-04-26 06:55:45,473 - DEBUG - Found result: https://www.google.com/preferences?hl=ar-JO&fg=1&sa=X&ved=0ahUKEwiHxOmG_t6FAxWv7QIHHXoKD9gQ5fUCCBo
2024-04-26 06:55:45,473 - DEBUG - Found result: https://policies.google.com/privacy?hl=ar-JO&fg=1
2024-04-26 06:55:45,473 - DEBUG - Found result: https://policies.google.com/terms?hl=ar-JO&fg=1
2024-04-26 06:55:45,947 - DEBUG - Found result: https://www.google.com/preferences?hl=ar-JO&fg=1&sa=X&ved=0ahUKEwjfzIaH_t6FAxVs2AIHHUs4CQE4ChDl9QIIGg
2024-04-26 06:55:45,947 - DEBUG - Found result: https://policies.google.com/privacy?hl=ar-JO&fg=1
2024-04-26 06:55:45,947 - DEBUG - Found result: https://policies.google.com/terms?hl=ar-JO&fg=1
2024-04-26 06:55:46,421 - DEBUG - Found result: https://www.google.com/preferences?hl=ar-JO&fg=1&sa=X&ved=0ahUKEwiyzqOH_t6FAxWs-gIHHdvUBco4FBDl9QIIGg
2024-04-26 06:55:46,422 - DEBUG - Found result: https://policies.google.com/privacy?hl=ar-JO&fg=1
2024-04-26 06:55:46,422 - DEBUG - Found result: https://policies.google.com/terms?hl=ar-JO&fg=1
2024-04-26 06:55:46,909 - DEBUG - Found result: https://www.google.com/preferences?hl=ar-JO&fg=1&sa=X&ved=0ahUKEwiajsGH_t6FAxVezAIHHUkwA_04HhDl9QIIGg
2024-04-26 06:55:46,909 - DEBUG - Found result: https://policies.google.com/privacy?hl=ar-JO&fg=1
2024-04-26 06:55:46,910 - DEBUG - Found result: https://policies.google.com/terms?hl=ar-JO&fg=1
2024-04-26 06:55:47,389 - DEBUG - Found result: https://www.google.com/preferences?hl=ar-JO&fg=1&sa=X&ved=0ahUKEwji896H_t6FAxUj1wIHHXJdAe44KBDl9QIIGg
2024-04-26 06:55:47,390 - DEBUG - Found result: https://policies.google.com/privacy?hl=ar-JO&fg=1
2024-04-26 06:55:47,390 - DEBUG - Found result: https://policies.google.com/terms?hl=ar-JO&fg=1
2024-04-26 06:55:47,914 - DEBUG - Found result: https://www.google.com/preferences?hl=ar-JO&fg=1&sa=X&ved=0ahUKEwiv4fuH_t6FAxVd6gIHHUvQAKc4MhDl9QIIGg
2024-04-26 06:55:47,915 - DEBUG - Found result: https://policies.google.com/privacy?hl=ar-JO&fg=1
2024-04-26 06:55:47,915 - DEBUG - Found result: https://policies.google.com/terms?hl=ar-JO&fg=1
2024-04-26 06:55:48,387 - DEBUG - Found result: https://www.google.com/preferences?hl=ar-JO&fg=1&sa=X&ved=0ahUKEwjr5JuI_t6FAxXy3gIHHSRxCjI4PBDl9QIIGg
2024-04-26 06:55:48,387 - DEBUG - Found result: https://policies.google.com/privacy?hl=ar-JO&fg=1
2024-04-26 06:55:48,387 - DEBUG - Found result: https://policies.google.com/terms?hl=ar-JO&fg=1
2024-04-26 06:55:48,863 - DEBUG - Found result: https://www.google.com/preferences?hl=ar-JO&fg=1&sa=X&ved=0ahUKEwinpLiI_t6FAxUbwAIHHRVNCsU4RhDl9QIIGg
2024-04-26 06:55:48,863 - DEBUG - Found result: https://policies.google.com/privacy?hl=ar-JO&fg=1
2024-04-26 06:55:48,863 - DEBUG - Found result: https://policies.google.com/terms?hl=ar-JO&fg=1
2024-04-26 06:55:49,330 - DEBUG - Found result: https://www.google.com/preferences?hl=ar-JO&fg=1&sa=X&ved=0ahUKEwifqtWI_t6FAxU30gIHHVqEB944UBDl9QIIGg
2024-04-26 06:55:49,330 - DEBUG - Found result: https://policies.google.com/privacy?hl=ar-JO&fg=1
2024-04-26 06:55:49,330 - DEBUG - Found result: https://policies.google.com/terms?hl=ar-JO&fg=1
2024-04-26 06:55:49,801 - DEBUG - Found result: https://www.google.com/preferences?hl=ar-JO&fg=1&sa=X&ved=0ahUKEwiahvKI_t6FAxVq-QIHHSXjCUk4WhDl9QIIGg
2024-04-26 06:55:49,802 - DEBUG - Found result: https://policies.google.com/privacy?hl=ar-JO&fg=1
2024-04-26 06:55:49,802 - DEBUG - Found result: https://policies.google.com/terms?hl=ar-JO&fg=1
2024-04-26 06:56:22,757 - DEBUG - Found result: https://www.google.com/preferences?hl=ar-JO&fg=1&sa=X&ved=0ahUKEwjD1M2Y_t6FAxVizAIHHTkiAdAQ5fUCCBo
2024-04-26 06:56:22,757 - DEBUG - Found result: https://policies.google.com/privacy?hl=ar-JO&fg=1
2024-04-26 06:56:22,757 - DEBUG - Found result: https://policies.google.com/terms?hl=ar-JO&fg=1
2024-04-26 06:56:23,232 - DEBUG - Found result: https://www.google.com/preferences?hl=ar-JO&fg=1&sa=X&ved=0ahUKEwil8eqY_t6FAxWM1AIHHRzrB1U4ChDl9QIIGg
2024-04-26 06:56:23,232 - DEBUG - Found result: https://policies.google.com/privacy?hl=ar-JO&fg=1
2024-04-26 06:56:23,232 - DEBUG - Found result: https://policies.google.com/terms?hl=ar-JO&fg=1
2024-04-26 06:56:34,864 - DEBUG - Found result: https://www.google.com/preferences?hl=ar-JO&fg=1&sa=X&ved=0ahUKEwik-7Ce_t6FAxUz1gIHHfrqBYAQ5fUCCBo
2024-04-26 06:56:34,864 - DEBUG - Found result: https://policies.google.com/privacy?hl=ar-JO&fg=1
2024-04-26 06:56:34,864 - DEBUG - Found result: https://policies.google.com/terms?hl=ar-JO&fg=1
2024-04-26 06:56:35,314 - DEBUG - Found result: https://www.google.com/preferences?hl=ar-JO&fg=1&sa=X&ved=0ahUKEwj95M2e_t6FAxUz1gIHHfrqBYA4ChDl9QIIGg
2024-04-26 06:56:35,315 - DEBUG - Found result: https://policies.google.com/privacy?hl=ar-JO&fg=1
2024-04-26 06:56:35,315 - DEBUG - Found result: https://policies.google.com/terms?hl=ar-JO&fg=1
2024-04-26 06:56:35,795 - DEBUG - Found result: https://www.google.com/preferences?hl=ar-JO&fg=1&sa=X&ved=0ahUKEwijseme_t6FAxUC2AIHHfLzAZg4FBDl9QIIGg
2024-04-26 06:56:35,795 - DEBUG - Found result: https://policies.google.com/privacy?hl=ar-JO&fg=1
2024-04-26 06:56:35,795 - DEBUG - Found result: https://policies.google.com/terms?hl=ar-JO&fg=1
2024-04-26 06:56:36,264 - DEBUG - Found result: https://www.google.com/preferences?hl=ar-JO&fg=1&sa=X&ved=0ahUKEwi164af_t6FAxUZ0gIHHasCBrQ4HhDl9QIIGg
2024-04-26 06:56:36,265 - DEBUG - Found result: https://policies.google.com/privacy?hl=ar-JO&fg=1
2024-04-26 06:56:36,265 - DEBUG - Found result: https://policies.google.com/terms?hl=ar-JO&fg=1
2024-04-26 06:56:36,721 - DEBUG - Found result: https://www.google.com/preferences?hl=ar-JO&fg=1&sa=X&ved=0ahUKEwiptaOf_t6FAxV10gIHHReiA5E4KBDl9QIIGg
2024-04-26 06:56:36,721 - DEBUG - Found result: https://policies.google.com/privacy?hl=ar-JO&fg=1
2024-04-26 06:56:36,721 - DEBUG - Found result: https://policies.google.com/terms?hl=ar-JO&fg=1
2024-04-26 06:56:37,197 - DEBUG - Found result: https://www.google.com/preferences?hl=ar-JO&fg=1&sa=X&ved=0ahUKEwjwzb-f_t6FAxWU4gIHHQXMAVM4MhDl9QIIGg
2024-04-26 06:56:37,197 - DEBUG - Found result: https://policies.google.com/privacy?hl=ar-JO&fg=1
2024-04-26 06:56:37,197 - DEBUG - Found result: https://policies.google.com/terms?hl=ar-JO&fg=1
2024-04-26 06:56:37,681 - DEBUG - Found result: https://www.google.com/preferences?hl=ar-JO&fg=1&sa=X&ved=0ahUKEwiekt2f_t6FAxVj9gIHHR8ICc44PBDl9QIIGg
2024-04-26 06:56:37,681 - DEBUG - Found result: https://policies.google.com/privacy?hl=ar-JO&fg=1
2024-04-26 06:56:37,681 - DEBUG - Found result: https://policies.google.com/terms?hl=ar-JO&fg=1
2024-04-26 06:56:38,144 - DEBUG - Found result: https://www.google.com/preferences?hl=ar-JO&fg=1&sa=X&ved=0ahUKEwivo_qf_t6FAxUSzwIHHaTzDKs4RhDl9QIIGg
2024-04-26 06:56:38,144 - DEBUG - Found result: https://policies.google.com/privacy?hl=ar-JO&fg=1
2024-04-26 06:56:38,144 - DEBUG - Found result: https://policies.google.com/terms?hl=ar-JO&fg=1
2024-04-26 06:56:38,626 - DEBUG - Found result: https://www.google.com/preferences?hl=ar-JO&fg=1&sa=X&ved=0ahUKEwjyjZeg_t6FAxXk1wIHHZCeAqQ4UBDl9QIIGg
2024-04-26 06:56:38,626 - DEBUG - Found result: https://policies.google.com/privacy?hl=ar-JO&fg=1
2024-04-26 06:56:38,626 - DEBUG - Found result: https://policies.google.com/terms?hl=ar-JO&fg=1
2024-04-26 06:56:39,110 - DEBUG - Found result: https://www.google.com/preferences?hl=ar-JO&fg=1&sa=X&ved=0ahUKEwiZlbSg_t6FAxV11wIHHUE-B7I4WhDl9QIIGg
2024-04-26 06:56:39,110 - DEBUG - Found result: https://policies.google.com/privacy?hl=ar-JO&fg=1
2024-04-26 06:56:39,110 - DEBUG - Found result: https://policies.google.com/terms?hl=ar-JO&fg=1
2024-04-26 09:01:42,142 - DEBUG - Found result: https://www.google.com/preferences?hl=ar-JO&fg=1&sa=X&ved=0ahUKEwju3o2amt-FAxWegf0HHeVDCQoQ5fUCCBo
2024-04-26 09:01:42,143 - DEBUG - Found result: https://policies.google.com/privacy?hl=ar-JO&fg=1
2024-04-26 09:01:42,143 - DEBUG - Found result: https://policies.google.com/terms?hl=ar-JO&fg=1
2024-04-26 09:01:42,757 - DEBUG - Found result: https://www.google.com/preferences?hl=ar-JO&fg=1&sa=X&ved=0ahUKEwi76aqamt-FAxVDg_0HHXRgBg84ChDl9QIIGg
2024-04-26 09:01:42,757 - DEBUG - Found result: https://policies.google.com/privacy?hl=ar-JO&fg=1
2024-04-26 09:01:42,757 - DEBUG - Found result: https://policies.google.com/terms?hl=ar-JO&fg=1
2024-04-26 09:01:43,216 - DEBUG - Found result: https://www.google.com/preferences?hl=ar-JO&fg=1&sa=X&ved=0ahUKEwib786amt-FAxUjgf0HHQPqA5c4FBDl9QIIGg
2024-04-26 09:01:43,216 - DEBUG - Found result: https://policies.google.com/privacy?hl=ar-JO&fg=1
2024-04-26 09:01:43,216 - DEBUG - Found result: https://policies.google.com/terms?hl=ar-JO&fg=1
2024-04-26 09:01:43,694 - DEBUG - Found result: https://www.google.com/preferences?hl=ar-JO&fg=1&sa=X&ved=0ahUKEwiAuOyamt-FAxX8hP0HHZ1NDAI4HhDl9QIIGg
2024-04-26 09:01:43,694 - DEBUG - Found result: https://policies.google.com/privacy?hl=ar-JO&fg=1
2024-04-26 09:01:43,694 - DEBUG - Found result: https://policies.google.com/terms?hl=ar-JO&fg=1
2024-04-26 09:01:44,186 - DEBUG - Found result: https://www.google.com/preferences?hl=ar-JO&fg=1&sa=X&ved=0ahUKEwiKh4qbmt-FAxWuhv0HHcK3Bjk4KBDl9QIIGg
2024-04-26 09:01:44,186 - DEBUG - Found result: https://policies.google.com/privacy?hl=ar-JO&fg=1
2024-04-26 09:01:44,187 - DEBUG - Found result: https://policies.google.com/terms?hl=ar-JO&fg=1
2024-04-26 09:01:44,650 - DEBUG - Found result: https://www.google.com/preferences?hl=ar-JO&fg=1&sa=X&ved=0ahUKEwimpKabmt-FAxUBgP0HHSRpBNE4MhDl9QIIGg
2024-04-26 09:01:44,650 - DEBUG - Found result: https://policies.google.com/privacy?hl=ar-JO&fg=1
2024-04-26 09:01:44,650 - DEBUG - Found result: https://policies.google.com/terms?hl=ar-JO&fg=1
2024-04-26 09:01:45,097 - DEBUG - Found result: https://www.google.com/preferences?hl=ar-JO&fg=1&sa=X&ved=0ahUKEwiogsKbmt-FAxVh_7sIHZX_DKg4PBDl9QIIGg
2024-04-26 09:01:45,097 - DEBUG - Found result: https://policies.google.com/privacy?hl=ar-JO&fg=1
2024-04-26 09:01:45,097 - DEBUG - Found result: https://policies.google.com/terms?hl=ar-JO&fg=1
2024-04-26 09:01:45,542 - DEBUG - Found result: https://www.google.com/preferences?hl=ar-JO&fg=1&sa=X&ved=0ahUKEwipl96bmt-FAxWr7LsIHSUZByk4RhDl9QIIGg
2024-04-26 09:01:45,542 - DEBUG - Found result: https://policies.google.com/privacy?hl=ar-JO&fg=1
2024-04-26 09:01:45,542 - DEBUG - Found result: https://policies.google.com/terms?hl=ar-JO&fg=1
2024-04-26 09:01:46,013 - DEBUG - Found result: https://www.google.com/preferences?hl=ar-JO&fg=1&sa=X&ved=0ahUKEwiSpfqbmt-FAxU-gP0HHQsUBp44UBDl9QIIGg
2024-04-26 09:01:46,013 - DEBUG - Found result: https://policies.google.com/privacy?hl=ar-JO&fg=1
2024-04-26 09:01:46,013 - DEBUG - Found result: https://policies.google.com/terms?hl=ar-JO&fg=1
2024-04-26 09:01:46,505 - DEBUG - Found result: https://www.google.com/preferences?hl=ar-JO&fg=1&sa=X&ved=0ahUKEwjstpecmt-FAxUDg_0HHXVqBcY4WhDl9QIIGg
2024-04-26 09:01:46,505 - DEBUG - Found result: https://policies.google.com/privacy?hl=ar-JO&fg=1
2024-04-26 09:01:46,505 - DEBUG - Found result: https://policies.google.com/terms?hl=ar-JO&fg=1
2024-04-26 09:02:59,847 - DEBUG - Found result: https://www.google.com/preferences?hl=ar-JO&fg=1&sa=X&ved=0ahUKEwjIyIO_mt-FAxW6iP0HHcNCBDQQ5fUCCH4
2024-04-26 09:02:59,848 - DEBUG - Found result: https://policies.google.com/privacy?hl=ar-JO&fg=1
2024-04-26 09:02:59,848 - DEBUG - Found result: https://policies.google.com/terms?hl=ar-JO&fg=1
2024-04-26 09:03:01,193 - DEBUG - Found result: https://www.google.com/preferences?hl=ar-JO&fg=1&sa=X&ved=0ahUKEwiKmLK_mt-FAxV-m_0HHQlaC6Q4ChDl9QIIQg
2024-04-26 09:03:01,193 - DEBUG - Found result: https://policies.google.com/privacy?hl=ar-JO&fg=1
2024-04-26 09:03:01,193 - DEBUG - Found result: https://policies.google.com/terms?hl=ar-JO&fg=1
2024-04-26 09:03:01,866 - DEBUG - Found result: https://www.google.com/preferences?hl=ar-JO&fg=1&sa=X&ved=0ahUKEwiN5IPAmt-FAxX3hv0HHcHxBag4FBDl9QIIRA
2024-04-26 09:03:01,866 - DEBUG - Found result: https://policies.google.com/privacy?hl=ar-JO&fg=1
2024-04-26 09:03:01,866 - DEBUG - Found result: https://policies.google.com/terms?hl=ar-JO&fg=1
2024-04-26 09:03:02,589 - DEBUG - Found result: https://www.google.com/preferences?hl=ar-JO&fg=1&sa=X&ved=0ahUKEwih-azAmt-FAxVx_rsIHX96CEc4HhDl9QIIRw
2024-04-26 09:03:02,590 - DEBUG - Found result: https://policies.google.com/privacy?hl=ar-JO&fg=1
2024-04-26 09:03:02,590 - DEBUG - Found result: https://policies.google.com/terms?hl=ar-JO&fg=1
2024-04-26 09:03:03,356 - DEBUG - Found result: https://www.google.com/preferences?hl=ar-JO&fg=1&sa=X&ved=0ahUKEwiw39jAmt-FAxUOg_0HHUKeCWg4KBDl9QIITA
2024-04-26 09:03:03,356 - DEBUG - Found result: https://policies.google.com/privacy?hl=ar-JO&fg=1
2024-04-26 09:03:03,356 - DEBUG - Found result: https://policies.google.com/terms?hl=ar-JO&fg=1
2024-04-26 09:03:04,044 - DEBUG - Found result: https://www.google.com/preferences?hl=ar-JO&fg=1&sa=X&ved=0ahUKEwiH4ofBmt-FAxWrgf0HHUUGDAM4MhDl9QIIKg
2024-04-26 09:03:04,044 - DEBUG - Found result: https://policies.google.com/privacy?hl=ar-JO&fg=1
2024-04-26 09:03:04,044 - DEBUG - Found result: https://policies.google.com/terms?hl=ar-JO&fg=1
2024-04-26 09:03:04,754 - DEBUG - Found result: https://www.google.com/preferences?hl=ar-JO&fg=1&sa=X&ved=0ahUKEwifm7LBmt-FAxWe_rsIHSErBqI4PBDl9QIIHA
2024-04-26 09:03:04,754 - DEBUG - Found result: https://policies.google.com/privacy?hl=ar-JO&fg=1
2024-04-26 09:03:04,754 - DEBUG - Found result: https://policies.google.com/terms?hl=ar-JO&fg=1
2024-04-26 09:03:05,421 - DEBUG - Found result: https://www.google.com/preferences?hl=ar-JO&fg=1&sa=X&ved=0ahUKEwizqd3Bmt-FAxUQ_rsIHQagDx44RhDl9QIIHA
2024-04-26 09:03:05,421 - DEBUG - Found result: https://policies.google.com/privacy?hl=ar-JO&fg=1
2024-04-26 09:03:05,421 - DEBUG - Found result: https://policies.google.com/terms?hl=ar-JO&fg=1
2024-04-26 09:03:06,154 - DEBUG - Found result: https://www.google.com/preferences?hl=ar-JO&fg=1&sa=X&ved=0ahUKEwiQvobCmt-FAxVmg_0HHUpzCas4UBDl9QIIHA
2024-04-26 09:03:06,154 - DEBUG - Found result: https://policies.google.com/privacy?hl=ar-JO&fg=1
2024-04-26 09:03:06,154 - DEBUG - Found result: https://policies.google.com/terms?hl=ar-JO&fg=1
2024-04-26 09:03:06,860 - DEBUG - Found result: https://www.google.com/preferences?hl=ar-JO&fg=1&sa=X&ved=0ahUKEwj1jbPCmt-FAxXjh_0HHaMYA8I4WhDl9QIIHA
2024-04-26 09:03:06,861 - DEBUG - Found result: https://policies.google.com/privacy?hl=ar-JO&fg=1
2024-04-26 09:03:06,861 - DEBUG - Found result: https://policies.google.com/terms?hl=ar-JO&fg=1
2024-04-26 09:05:04,261 - DEBUG - Found result: https://www.google.com/preferences?hl=ar-JO&fg=1&sa=X&ved=0ahUKEwjQg5v6mt-FAxWjgP0HHcGLAqIQ5fUCCFQ
2024-04-26 09:05:04,261 - DEBUG - Found result: https://policies.google.com/privacy?hl=ar-JO&fg=1
2024-04-26 09:05:04,262 - DEBUG - Found result: https://policies.google.com/terms?hl=ar-JO&fg=1
2024-04-26 09:05:04,907 - DEBUG - Found result: https://www.google.com/preferences?hl=ar-JO&fg=1&sa=X&ved=0ahUKEwifg936mt-FAxUBh_0HHVqeD6U4ChDl9QIIRA
2024-04-26 09:05:04,907 - DEBUG - Found result: https://policies.google.com/privacy?hl=ar-JO&fg=1
2024-04-26 09:05:04,907 - DEBUG - Found result: https://policies.google.com/terms?hl=ar-JO&fg=1
2024-04-26 09:05:05,566 - DEBUG - Found result: https://www.google.com/preferences?hl=ar-JO&fg=1&sa=X&ved=0ahUKEwim-IP7mt-FAxVDh_0HHQjvCbM4FBDl9QIIRQ
2024-04-26 09:05:05,566 - DEBUG - Found result: https://policies.google.com/privacy?hl=ar-JO&fg=1
2024-04-26 09:05:05,566 - DEBUG - Found result: https://policies.google.com/terms?hl=ar-JO&fg=1
2024-04-26 09:05:06,234 - DEBUG - Found result: https://www.google.com/preferences?hl=ar-JO&fg=1&sa=X&ved=0ahUKEwjUnqz7mt-FAxVahP0HHUxqARU4HhDl9QIIRQ
2024-04-26 09:05:06,234 - DEBUG - Found result: https://policies.google.com/privacy?hl=ar-JO&fg=1
2024-04-26 09:05:06,235 - DEBUG - Found result: https://policies.google.com/terms?hl=ar-JO&fg=1
2024-04-26 09:05:06,940 - DEBUG - Found result: https://www.google.com/preferences?hl=ar-JO&fg=1&sa=X&ved=0ahUKEwiziNX7mt-FAxWg87sIHT0fB3A4KBDl9QIIRw
2024-04-26 09:05:06,941 - DEBUG - Found result: https://policies.google.com/privacy?hl=ar-JO&fg=1
2024-04-26 09:05:06,941 - DEBUG - Found result: https://policies.google.com/terms?hl=ar-JO&fg=1
2024-04-26 09:05:07,694 - DEBUG - Found result: https://www.google.com/search?sca_esv=f97724a61f341e18&sca_upv=1&ei=E0QrZr-aFKuI9u8P69Ou-AY&q=inurl:offsec&tbm=isch&sa=X&ved=2ahUKEwj_7__7mt-FAxUrhP0HHeupC284MhCwBHoECAkQAQ
2024-04-26 09:05:07,695 - DEBUG - Found result: https://www.google.com/search?sca_esv=f97724a61f341e18&sca_upv=1&ei=E0QrZr-aFKuI9u8P69Ou-AY&q=inurl:offsec&tbm=isch&sa=X&ved=2ahUKEwj_7__7mt-FAxUrhP0HHeupC284MhDsCXoECAkQAg
2024-04-26 09:05:07,695 - DEBUG - Found result: https://www.google.com/imgres?imgurl=https://mma.prnewswire.com/media/2013633/OffSec_Logo.jpg?p%3Dfacebook&imgrefurl=https://www.prnewswire.com/news-releases/offensive-security-is-now-offsec--refreshed-brand-reflects-future-of-cybersecurity-learning-and-skills-development-301759911.html&h=862&w=1647&tbnid=KekGvfTQaHqy_M&q=inurl:offsec&tbnh=79&tbnw=150&usg=AI4_-kTOto3u1W3PzPI2ClkJ_jIwdOG8kQ&vet=1&docid=KyliIE3jmZKceM&sa=X&ved=2ahUKEwj_7__7mt-FAxUrhP0HHeupC284MhD1AXoECAkQBA
2024-04-26 09:05:07,695 - DEBUG - Found result: https://www.google.com/imgres?imgurl=https://www.offsec.com/wp-content/uploads/2023/08/Homepage-default-preview.jpg&imgrefurl=https://www.offsec.com/courses-and-certifications/&h=628&w=1200&tbnid=wf2WAfNzDauoJM&q=inurl:offsec&tbnh=79&tbnw=150&usg=AI4_-kQIiBKAH6BtUyWVlzLBiSv_IpjNEg&vet=1&docid=lklmbFDx2Up4nM&sa=X&ved=2ahUKEwj_7__7mt-FAxUrhP0HHeupC284MhD1AXoECAkQBg
2024-04-26 09:05:07,695 - DEBUG - Found result: https://www.google.com/imgres?imgurl=https://lookaside.fbsbx.com/lookaside/crawler/media/?media_id%3D100064662370854&imgrefurl=https://www.facebook.com/offsec/&h=720&w=720&tbnid=9Mu8wqY6_x4QLM&q=inurl:offsec&tbnh=140&tbnw=140&usg=AI4_-kRTOs-rPF5DuVxiL9nOfrs7hZpp2g&vet=1&docid=pNTCOS7aZSwsGM&sa=X&ved=2ahUKEwj_7__7mt-FAxUrhP0HHeupC284MhD1AXoECAkQCA
2024-04-26 09:05:07,695 - DEBUG - Found result: https://www.google.com/imgres?imgurl=https://mma.prnewswire.com/media/2013633/OffSec_Logo.jpg?p%3Dtwitter&imgrefurl=https://www.prnewswire.com/news-releases/offensive-security-is-now-offsec--refreshed-brand-reflects-future-of-cybersecurity-learning-and-skills-development-301759911.html&h=306&w=1200&tbnid=CHpnRL6d5C80jM&q=inurl:offsec&tbnh=38&tbnw=150&usg=AI4_-kS_g6C9lgm-7M3V-q1mtNplw-3gaQ&vet=1&docid=KyliIE3jmZKceM&sa=X&ved=2ahUKEwj_7__7mt-FAxUrhP0HHeupC284MhD1AXoECAkQCg
2024-04-26 09:05:07,695 - DEBUG - Found result: https://www.google.com/imgres?imgurl=https://www.offsec.com/wp-content/uploads/2023/02/blog-header-brand-refresh.png&imgrefurl=https://www.offsec.com/products/&h=628&w=1200&tbnid=cnv-D-SrqrXDaM&q=inurl:offsec&tbnh=79&tbnw=150&usg=AI4_-kThRfDBClIeL3UrpfHfS129JW2nog&vet=1&docid=Ff9J9B8ZquTo9M&sa=X&ved=2ahUKEwj_7__7mt-FAxUrhP0HHeupC284MhD1AXoECAkQDA
2024-04-26 09:05:07,695 - DEBUG - Found result: https://www.google.com/imgres?imgurl=https://media.licdn.com/dms/image/D4E10AQGWN471-OkQ_A/image-shrink_800/0/1713520801535?e%3D2147483647%26v%3Dbeta%26t%3DhDkKSnB7Ur0MrwHKgny6gJ-kgXMH9tC6k8sJoyXTG58&imgrefurl=https://ly.linkedin.com/company/offsec-training?trk%3Dppro_cprof&h=418&w=800&tbnid=twwrbJI3eFh3DM&q=inurl:offsec&tbnh=75&tbnw=143&usg=AI4_-kTY2bi4R0Ng9YmEYVbFcXlbP4BLXg&vet=1&docid=-3ZqnBb0eVb_SM&sa=X&ved=2ahUKEwj_7__7mt-FAxUrhP0HHeupC284MhD1AXoECAkQDg
2024-04-26 09:05:07,695 - DEBUG - Found result: https://www.google.com/search?sca_esv=f97724a61f341e18&sca_upv=1&ei=E0QrZr-aFKuI9u8P69Ou-AY&q=inurl:offsec&tbm=isch&sa=X&ved=2ahUKEwj_7__7mt-FAxUrhP0HHeupC284MhDsCXoECAkQDw
2024-04-26 09:05:07,695 - DEBUG - Found result: https://www.google.com/preferences?hl=ar-JO&fg=1&sa=X&ved=0ahUKEwj_7__7mt-FAxUrhP0HHeupC284MhDl9QIIUA
2024-04-26 09:05:07,695 - DEBUG - Found result: https://policies.google.com/privacy?hl=ar-JO&fg=1
2024-04-26 09:05:07,696 - DEBUG - Found result: https://policies.google.com/terms?hl=ar-JO&fg=1
2024-04-26 09:05:08,426 - DEBUG - Found result: https://www.google.com/preferences?hl=ar-JO&fg=1&sa=X&ved=0ahUKEwj7h678mt-FAxWNg_0HHRkRCvk4PBDl9QIIRQ
2024-04-26 09:05:08,426 - DEBUG - Found result: https://policies.google.com/privacy?hl=ar-JO&fg=1
2024-04-26 09:05:08,427 - DEBUG - Found result: https://policies.google.com/terms?hl=ar-JO&fg=1
2024-04-26 09:05:09,097 - DEBUG - Found result: https://www.google.com/preferences?hl=ar-JO&fg=1&sa=X&ved=0ahUKEwjZnNv8mt-FAxWM7rsIHcK-AkU4RhDl9QIIHA
2024-04-26 09:05:09,097 - DEBUG - Found result: https://policies.google.com/privacy?hl=ar-JO&fg=1
2024-04-26 09:05:09,097 - DEBUG - Found result: https://policies.google.com/terms?hl=ar-JO&fg=1
2024-04-26 09:05:09,750 - DEBUG - Found result: https://www.google.com/preferences?hl=ar-JO&fg=1&sa=X&ved=0ahUKEwiVwYT9mt-FAxVu9LsIHW4DASE4UBDl9QIIHA
2024-04-26 09:05:09,751 - DEBUG - Found result: https://policies.google.com/privacy?hl=ar-JO&fg=1
2024-04-26 09:05:09,751 - DEBUG - Found result: https://policies.google.com/terms?hl=ar-JO&fg=1
2024-04-26 09:05:10,494 - DEBUG - Found result: https://www.google.com/preferences?hl=ar-JO&fg=1&sa=X&ved=0ahUKEwjHkK39mt-FAxVggP0HHWWuBn44WhDl9QIIHA
2024-04-26 09:05:10,494 - DEBUG - Found result: https://policies.google.com/privacy?hl=ar-JO&fg=1
2024-04-26 09:05:10,494 - DEBUG - Found result: https://policies.google.com/terms?hl=ar-JO&fg=1
2024-04-26 09:08:43,804 - DEBUG - Found result: https://www.google.com/preferences?hl=ar-JO&fg=1&sa=X&ved=0ahUKEwikmozjm9-FAxUFnf0HHWfpDC4Q5fUCCH4
2024-04-26 09:08:43,804 - DEBUG - Found result: https://policies.google.com/privacy?hl=ar-JO&fg=1
2024-04-26 09:08:43,804 - DEBUG - Found result: https://policies.google.com/terms?hl=ar-JO&fg=1
2024-04-26 09:08:44,499 - DEBUG - Found result: https://www.google.com/preferences?hl=ar-JO&fg=1&sa=X&ved=0ahUKEwi107bjm9-FAxXu7rsIHVvrDMYQ5fUCCH4
2024-04-26 09:08:44,500 - DEBUG - Found result: https://policies.google.com/privacy?hl=ar-JO&fg=1
2024-04-26 09:08:44,500 - DEBUG - Found result: https://policies.google.com/terms?hl=ar-JO&fg=1
2024-04-26 09:08:45,205 - DEBUG - Found result: https://www.google.com/preferences?hl=ar-JO&fg=1&sa=X&ved=0ahUKEwiMy-Hjm9-FAxWphP0HHW4IAnIQ5fUCCH4
2024-04-26 09:08:45,205 - DEBUG - Found result: https://policies.google.com/privacy?hl=ar-JO&fg=1
2024-04-26 09:08:45,205 - DEBUG - Found result: https://policies.google.com/terms?hl=ar-JO&fg=1
2024-04-26 09:08:45,882 - DEBUG - Found result: https://www.google.com/preferences?hl=ar-JO&fg=1&sa=X&ved=0ahUKEwjFiozkm9-FAxVHo_0HHd0KDdAQ5fUCCH4
2024-04-26 09:08:45,882 - DEBUG - Found result: https://policies.google.com/privacy?hl=ar-JO&fg=1
2024-04-26 09:08:45,882 - DEBUG - Found result: https://policies.google.com/terms?hl=ar-JO&fg=1
2024-04-26 09:08:46,557 - DEBUG - Found result: https://www.google.com/preferences?hl=ar-JO&fg=1&sa=X&ved=0ahUKEwjlk7Xkm9-FAxVMgf0HHWsgBIMQ5fUCCH4
2024-04-26 09:08:46,557 - DEBUG - Found result: https://policies.google.com/privacy?hl=ar-JO&fg=1
2024-04-26 09:08:46,557 - DEBUG - Found result: https://policies.google.com/terms?hl=ar-JO&fg=1
2024-04-26 09:08:47,247 - DEBUG - Found result: https://www.google.com/preferences?hl=ar-JO&fg=1&sa=X&ved=0ahUKEwip7t7km9-FAxVEgv0HHStBBesQ5fUCCH4
2024-04-26 09:08:47,248 - DEBUG - Found result: https://policies.google.com/privacy?hl=ar-JO&fg=1
2024-04-26 09:08:47,248 - DEBUG - Found result: https://policies.google.com/terms?hl=ar-JO&fg=1
2024-04-26 09:08:47,960 - DEBUG - Found result: https://www.google.com/preferences?hl=ar-JO&fg=1&sa=X&ved=0ahUKEwi5zojlm9-FAxVM_rsIHZbfDpAQ5fUCCHk
2024-04-26 09:08:47,960 - DEBUG - Found result: https://policies.google.com/privacy?hl=ar-JO&fg=1
2024-04-26 09:08:47,960 - DEBUG - Found result: https://policies.google.com/terms?hl=ar-JO&fg=1
2024-04-26 09:08:48,660 - DEBUG - Found result: https://www.google.com/preferences?hl=ar-JO&fg=1&sa=X&ved=0ahUKEwi667Plm9-FAxVngP0HHaT-A0sQ5fUCCH4
2024-04-26 09:08:48,660 - DEBUG - Found result: https://policies.google.com/privacy?hl=ar-JO&fg=1
2024-04-26 09:08:48,661 - DEBUG - Found result: https://policies.google.com/terms?hl=ar-JO&fg=1
2024-04-26 09:08:49,417 - DEBUG - Found result: https://www.google.com/preferences?hl=ar-JO&fg=1&sa=X&ved=0ahUKEwify9_lm9-FAxWqgv0HHdNbBfgQ5fUCCHk
2024-04-26 09:08:49,417 - DEBUG - Found result: https://policies.google.com/privacy?hl=ar-JO&fg=1
2024-04-26 09:08:49,418 - DEBUG - Found result: https://policies.google.com/terms?hl=ar-JO&fg=1
2024-04-26 09:08:50,155 - DEBUG - Found result: https://www.google.com/preferences?hl=ar-JO&fg=1&sa=X&ved=0ahUKEwinsY7mm9-FAxXoh_0HHeqxDJgQ5fUCCH4
2024-04-26 09:08:50,155 - DEBUG - Found result: https://policies.google.com/privacy?hl=ar-JO&fg=1
2024-04-26 09:08:50,155 - DEBUG - Found result: https://policies.google.com/terms?hl=ar-JO&fg=1
2024-04-26 09:13:31,169 - ERROR - Failed to fetch page 1: name 'time' is not defined
2024-04-26 09:14:06,967 - ERROR - Failed to fetch page 1: name 'time' is not defined
2024-04-26 09:14:25,784 - ERROR - Failed to fetch page 1: name 'time' is not defined
2024-04-26 09:14:38,138 - ERROR - Failed to fetch page 1: name 'time' is not defined
2024-04-26 09:24:58,407 - DEBUG - Found result: https://www.google.com/preferences?hl=ar-JO&fg=1&sa=X&ved=0ahUKEwjB-uqzn9-FAxUcBdsEHTTbC8IQ5fUCCH8
2024-04-26 09:24:58,407 - DEBUG - Found result: https://policies.google.com/privacy?hl=ar-JO&fg=1
2024-04-26 09:24:58,408 - DEBUG - Found result: https://policies.google.com/terms?hl=ar-JO&fg=1
2024-04-26 09:25:02,082 - DEBUG - Found result: https://www.google.com/preferences?hl=ar-JO&fg=1&sa=X&ved=0ahUKEwilxsy1n9-FAxW2cfEDHV0mCvM4ChDl9QIIQg
2024-04-26 09:25:02,082 - DEBUG - Found result: https://policies.google.com/privacy?hl=ar-JO&fg=1
2024-04-26 09:25:02,082 - DEBUG - Found result: https://policies.google.com/terms?hl=ar-JO&fg=1
2024-04-26 09:25:05,824 - DEBUG - Found result: https://www.google.com/preferences?hl=ar-JO&fg=1&sa=X&ved=0ahUKEwiBj6y3n9-FAxVvAtsEHa8NDGA4FBDl9QIIRA
2024-04-26 09:25:05,824 - DEBUG - Found result: https://policies.google.com/privacy?hl=ar-JO&fg=1
2024-04-26 09:25:05,824 - DEBUG - Found result: https://policies.google.com/terms?hl=ar-JO&fg=1
2024-04-26 09:25:09,539 - DEBUG - Found result: https://www.google.com/preferences?hl=ar-JO&fg=1&sa=X&ved=0ahUKEwj0yZG5n9-FAxUAVPEDHZIUDrU4HhDl9QIIRQ
2024-04-26 09:25:09,539 - DEBUG - Found result: https://policies.google.com/privacy?hl=ar-JO&fg=1
2024-04-26 09:25:09,539 - DEBUG - Found result: https://policies.google.com/terms?hl=ar-JO&fg=1
2024-04-26 09:25:13,247 - DEBUG - Found result: https://www.google.com/preferences?hl=ar-JO&fg=1&sa=X&ved=0ahUKEwjo__O6n9-FAxXsQ_EDHf0xAtQ4KBDl9QIIRw
2024-04-26 09:25:13,247 - DEBUG - Found result: https://policies.google.com/privacy?hl=ar-JO&fg=1
2024-04-26 09:25:13,247 - DEBUG - Found result: https://policies.google.com/terms?hl=ar-JO&fg=1
2024-04-26 09:25:16,923 - DEBUG - Found result: https://www.google.com/preferences?hl=ar-JO&fg=1&sa=X&ved=0ahUKEwierde8n9-FAxX4BNsEHejKDlc4MhDl9QIIHA
2024-04-26 09:25:16,924 - DEBUG - Found result: https://policies.google.com/privacy?hl=ar-JO&fg=1
2024-04-26 09:25:16,924 - DEBUG - Found result: https://policies.google.com/terms?hl=ar-JO&fg=1
2024-04-26 09:25:20,602 - DEBUG - Found result: https://www.google.com/preferences?hl=ar-JO&fg=1&sa=X&ved=0ahUKEwiczra-n9-FAxVtVPEDHSMTCWc4PBDl9QIIHA
2024-04-26 09:25:20,602 - DEBUG - Found result: https://policies.google.com/privacy?hl=ar-JO&fg=1
2024-04-26 09:25:20,602 - DEBUG - Found result: https://policies.google.com/terms?hl=ar-JO&fg=1
2024-04-26 09:25:24,244 - DEBUG - Found result: https://www.google.com/preferences?hl=ar-JO&fg=1&sa=X&ved=0ahUKEwjXoJbAn9-FAxVtX_EDHTjjBAU4RhDl9QIIHA
2024-04-26 09:25:24,244 - DEBUG - Found result: https://policies.google.com/privacy?hl=ar-JO&fg=1
2024-04-26 09:25:24,244 - DEBUG - Found result: https://policies.google.com/terms?hl=ar-JO&fg=1
2024-04-26 09:25:27,978 - DEBUG - Found result: https://www.google.com/preferences?hl=ar-JO&fg=1&sa=X&ved=0ahUKEwj1jPbBn9-FAxUGSvEDHfqlCjA4UBDl9QIIHA
2024-04-26 09:25:27,978 - DEBUG - Found result: https://policies.google.com/privacy?hl=ar-JO&fg=1
2024-04-26 09:25:27,978 - DEBUG - Found result: https://policies.google.com/terms?hl=ar-JO&fg=1
2024-04-26 09:25:31,653 - DEBUG - Found result: https://www.google.com/preferences?hl=ar-JO&fg=1&sa=X&ved=0ahUKEwjAy9nDn9-FAxWgSvEDHQweBb04WhDl9QIIHA
2024-04-26 09:25:31,653 - DEBUG - Found result: https://policies.google.com/privacy?hl=ar-JO&fg=1
2024-04-26 09:25:31,653 - DEBUG - Found result: https://policies.google.com/terms?hl=ar-JO&fg=1
2024-04-26 10:00:40,139 - ERROR - Failed to fetch page 1: name 'gsite' is not defined
2024-04-26 10:00:40,139 - ERROR - Failed to fetch page 2: name 'gsite' is not defined
2024-04-26 10:00:40,140 - ERROR - Failed to fetch page 3: name 'gsite' is not defined
2024-04-26 10:00:40,140 - ERROR - Failed to fetch page 4: name 'gsite' is not defined
2024-04-26 10:00:40,140 - ERROR - Failed to fetch page 5: name 'gsite' is not defined
2024-04-26 10:00:40,140 - ERROR - Failed to fetch page 6: name 'gsite' is not defined
2024-04-26 10:00:40,140 - ERROR - Failed to fetch page 7: name 'gsite' is not defined
2024-04-26 10:00:40,140 - ERROR - Failed to fetch page 8: name 'gsite' is not defined
2024-04-26 10:00:40,140 - ERROR - Failed to fetch page 9: name 'gsite' is not defined
2024-04-26 10:00:40,140 - ERROR - Failed to fetch page 10: name 'gsite' is not defined
2024-04-26 10:00:47,827 - ERROR - Failed to fetch page 1: name 'gsite' is not defined
2024-04-26 10:00:47,828 - ERROR - Failed to fetch page 2: name 'gsite' is not defined
2024-04-26 10:00:47,828 - ERROR - Failed to fetch page 3: name 'gsite' is not defined
2024-04-26 10:00:47,828 - ERROR - Failed to fetch page 4: name 'gsite' is not defined
2024-04-26 10:00:47,828 - ERROR - Failed to fetch page 5: name 'gsite' is not defined
2024-04-26 10:00:47,828 - ERROR - Failed to fetch page 6: name 'gsite' is not defined
2024-04-26 10:00:47,828 - ERROR - Failed to fetch page 7: name 'gsite' is not defined
2024-04-26 10:00:47,828 - ERROR - Failed to fetch page 8: name 'gsite' is not defined
2024-04-26 10:00:47,828 - ERROR - Failed to fetch page 9: name 'gsite' is not defined
2024-04-26 10:00:47,828 - ERROR - Failed to fetch page 10: name 'gsite' is not defined
2024-04-26 10:01:17,101 - ERROR - Failed to fetch page 1: name 'gsite' is not defined
2024-04-26 10:01:17,102 - ERROR - Failed to fetch page 2: name 'gsite' is not defined
2024-04-26 10:01:17,102 - ERROR - Failed to fetch page 3: name 'gsite' is not defined
2024-04-26 10:01:17,102 - ERROR - Failed to fetch page 4: name 'gsite' is not defined
2024-04-26 10:01:17,102 - ERROR - Failed to fetch page 5: name 'gsite' is not defined
2024-04-26 10:01:17,102 - ERROR - Failed to fetch page 6: name 'gsite' is not defined
2024-04-26 10:01:17,102 - ERROR - Failed to fetch page 7: name 'gsite' is not defined
2024-04-26 10:01:17,103 - ERROR - Failed to fetch page 8: name 'gsite' is not defined
2024-04-26 10:01:17,103 - ERROR - Failed to fetch page 9: name 'gsite' is not defined
2024-04-26 10:01:17,103 - ERROR - Failed to fetch page 10: name 'gsite' is not defined
